- Date : 2019-11-01T21:05:03.233Z  --  level : [33mwarn[39m -- message : Application démarré sur localhost:8080 
- Date : 2019-11-01T21:06:05.693Z  --  level : [33mwarn[39m -- message : Application démarré sur localhost:8080 
- Date : 2019-11-01T21:06:55.183Z  --  level : [33mwarn[39m -- message : Application démarré sur localhost:8080 
- Date : 2019-11-01T21:07:25.485Z  --  level : [32minfo[39m -- message : {"host":"localhost:8080","connection":"keep-alive","upgrade-insecure-requests":"1","user-agent":"Mozilla/5.0 (Windows NT 10.0; Win64; x64) AppleWebKit/537.36 (KHTML, like Gecko) Chrome/71.0.3578.98 Safari/537.36","dnt":"1","accept":"text/html,application/xhtml+xml,application/xml;q=0.9,image/webp,image/apng,*/*;q=0.8","accept-encoding":"gzip, deflate, br","accept-language":"fr-FR,fr;q=0.9,en-US;q=0.8,en;q=0.7","cookie":"_ga=GA1.1.214656947.1554302577"} 
- Date : 2019-11-01T21:07:25.488Z  --  level : [31merror[39m -- message : Error token invalid {} 
- Date : 2019-11-01T21:08:00.152Z  --  level : [33mwarn[39m -- message : Application démarré sur localhost:8080 
- Date : 2019-11-01T21:08:03.804Z  --  level : [33mwarn[39m -- message : Application démarré sur localhost:8080 
- Date : 2019-11-01T21:10:38.717Z  --  level : [33mwarn[39m -- message : Application démarré sur localhost:8080 
- Date : 2019-11-01T21:10:47.939Z  --  level : [33mwarn[39m -- message : Application démarré sur localhost:8080 
- Date : 2019-11-01T21:10:52.979Z  --  level : [33mwarn[39m -- message : Application démarré sur localhost:8080 
- Date : 2019-11-01T21:10:58.496Z  --  level : [33mwarn[39m -- message : Application démarré sur localhost:8080 
- Date : 2019-11-01T21:12:47.938Z  --  level : [33mwarn[39m -- message : Application démarré sur localhost:8080 
- Date : 2019-11-01T21:13:49.202Z  --  level : [32minfo[39m -- message : Application démarré sur localhost:8080 
- Date : 2019-11-01T21:16:57.564Z  --  level : [32minfo[39m -- message : Application démarré sur localhost:8080 
- Date : 2019-11-01T21:17:08.440Z  --  level : [32minfo[39m -- message : Application démarré sur localhost:8080 
- Date : 2019-11-01T21:17:10.813Z  --  level : [32minfo[39m -- message : Application démarré sur localhost:8080 
- Date : 2019-11-01T21:17:45.406Z  --  level : [32minfo[39m -- message : Application démarré sur localhost:8080 
- Date : 2019-11-01T21:19:18.238Z  --  level : [32minfo[39m -- message : Application démarré sur localhost:8080 
- Date : 2019-11-01T21:19:38.614Z  --  level : [32minfo[39m -- message : Application démarré sur localhost:8080 
- Date : 2019-11-01T21:19:55.605Z  --  level : [32minfo[39m -- message : Application démarré sur localhost:8080 
- Date : 2019-11-01T21:20:03.828Z  --  level : [32minfo[39m -- message : Application démarré sur localhost:8080 
- Date : 2019-11-01T21:20:34.408Z  --  level : [32minfo[39m -- message : Application démarré sur localhost:8080 
- Date : 2019-11-01T21:20:41.396Z  --  level : [32minfo[39m -- message : Application démarré sur localhost:8080 
- Date : 2019-11-01T21:20:43.661Z  --  level : [32minfo[39m -- message : Application démarré sur localhost:8080 
- Date : 2019-11-01T21:23:22.026Z  --  level : [32minfo[39m -- message : Application démarré sur localhost:8080 
- Date : 2019-11-01T21:23:39.147Z  --  level : [32minfo[39m -- message : Application démarré sur localhost:8080 
- Date : 2019-11-01T21:24:11.807Z  --  level : [32minfo[39m -- message :  
- Date : 2019-11-01T21:24:24.726Z  --  level : [32minfo[39m -- message : Added user routes acceded 
- Date : 2019-11-01T21:24:56.796Z  --  level : [32minfo[39m -- message : Application démarré sur localhost:8080 
- Date : 2019-11-01T21:25:04.906Z  --  level : [32minfo[39m -- message : Application démarré sur localhost:8080 
- Date : 2019-11-01T21:25:12.225Z  --  level : [32minfo[39m -- message : Application démarré sur localhost:8080 
- Date : 2019-11-01T21:25:17.459Z  --  level : [32minfo[39m -- message : Application démarré sur localhost:8080 
- Date : 2019-11-01T21:27:12.633Z  --  level : [32minfo[39m -- message : Application démarré sur localhost:8080 
- Date : 2019-11-01T21:27:24.864Z  --  level : [32minfo[39m -- message : {"host":"localhost:8080","connection":"keep-alive","content-length":"537381","user-agent":"Mozilla/5.0 (Windows NT 10.0; Win64; x64) AppleWebKit/537.36 (KHTML, like Gecko) Chrome/71.0.3578.98 Safari/537.36","cache-control":"no-cache","origin":"chrome-extension://fhbjgbiflinjbdggehcddcbncdddomop","content-type":"multipart/form-data; boundary=----WebKitFormBoundarye4Y3HnZaZWVZgUr1","authorization":"eyJhbGciOiJIUzI1NiIsInR5cCI6IkpXVCJ9.eyJ1c2VybmFtZSI6InRvdXJlNTAxMyIsImlhdCI6MTU3MTA1OTUxOCwiZXhwIjoxNTcxMDYzMTE4fQ.HY0oBKo__1r7hVfegRofI4Rro1G18AYAGPEPuewUb84","postman-token":"9f2cc44f-4dc9-3bb7-c981-840bc1bcdde6","accept":"*/*","accept-encoding":"gzip, deflate, br","accept-language":"fr-FR,fr;q=0.9,en-US;q=0.8,en;q=0.7"} 
- Date : 2019-11-01T21:28:24.218Z  --  level : [32minfo[39m -- message : Application démarré sur localhost:8080 
- Date : 2019-11-01T21:28:43.389Z  --  level : [32minfo[39m -- message : Application démarré sur localhost:8080 
- Date : 2019-11-01T21:29:07.509Z  --  level : [32minfo[39m -- message : false,[object Object] 
- Date : 2019-11-01T21:29:34.058Z  --  level : [32minfo[39m -- message : Application démarré sur localhost:8080 
- Date : 2019-11-01T21:29:48.730Z  --  level : [32minfo[39m -- message : Application démarré sur localhost:8080 
- Date : 2019-11-01T21:30:28.458Z  --  level : [32minfo[39m -- message : Application démarré sur localhost:8080 
- Date : 2019-11-01T21:31:12.987Z  --  level : [32minfo[39m -- message : Application démarré sur localhost:8080 
- Date : 2019-11-01T21:31:58.208Z  --  level : [32minfo[39m -- message : Application démarré sur localhost:8080 
- Date : 2019-11-01T21:32:04.338Z  --  level : [32minfo[39m -- message : false,[object Object] 
- Date : 2019-11-01T21:33:25.186Z  --  level : [32minfo[39m -- message : Application démarré sur localhost:8080 
- Date : 2019-11-01T21:33:42.100Z  --  level : [32minfo[39m -- message : Application démarré sur localhost:8080 
- Date : 2019-11-01T21:33:46.232Z  --  level : [32minfo[39m -- message : Application démarré sur localhost:8080 
- Date : 2019-11-01T21:34:32.665Z  --  level : [32minfo[39m -- message : Application démarré sur localhost:8080 
- Date : 2019-11-01T21:35:12.679Z  --  level : [32minfo[39m -- message : Application démarré sur localhost:8080 
- Date : 2019-11-01T21:35:19.567Z  --  level : [32minfo[39m -- message : Application démarré sur localhost:8080 
- Date : 2019-11-01T21:37:56.385Z  --  level : [32minfo[39m -- message : Application démarré sur localhost:8080 
- Date : 2019-11-01T21:38:01.585Z  --  level : [32minfo[39m -- message : Application démarré sur localhost:8080 
- Date : 2019-11-01T21:38:59.942Z  --  level : [32minfo[39m -- message : Application démarré sur localhost:8080 
- Date : 2019-11-01T21:41:38.543Z  --  level : [32minfo[39m -- message : Application démarré sur localhost:8080 
- Date : 2019-11-01T21:43:04.876Z  --  level : [32minfo[39m -- message : false,[object Object] 
- Date : 2019-11-01T21:44:22.301Z  --  level : [32minfo[39m -- message : Application démarré sur localhost:8080 
- Date : 2019-11-01T21:44:41.469Z  --  level : [32minfo[39m -- message : Application démarré sur localhost:8080 
- Date : 2019-11-01T21:45:48.109Z  --  level : [32minfo[39m -- message : Application démarré sur localhost:8080 
- Date : 2019-11-01T21:46:53.582Z  --  level : [32minfo[39m -- message : Application démarré sur localhost:8080 
- Date : 2019-11-01T21:47:17.219Z  --  level : [32minfo[39m -- message : Application démarré sur localhost:8080 
- Date : 2019-11-01T21:47:35.572Z  --  level : [32minfo[39m -- message : Application démarré sur localhost:8080 
- Date : 2019-11-01T21:50:02.622Z  --  level : [32minfo[39m -- message : Application démarré sur localhost:8080 
- Date : 2019-11-01T21:50:20.843Z  --  level : [32minfo[39m -- message : Application démarré sur localhost:8080 
- Date : 2019-11-01T21:51:06.702Z  --  level : [32minfo[39m -- message : Application démarré sur localhost:8080 
- Date : 2019-11-01T21:54:33.976Z  --  level : [32minfo[39m -- message : Application démarré sur localhost:8080 
- Date : 2019-11-01T21:56:23.221Z  --  level : [32minfo[39m -- message : Application démarré sur localhost:8080 
- Date : 2019-11-01T21:56:43.932Z  --  level : [32minfo[39m -- message : Application démarré sur localhost:8080 
- Date : 2019-11-01T21:56:47.315Z  --  level : [32minfo[39m -- message : Application démarré sur localhost:8080 
- Date : 2019-11-01T21:58:43.197Z  --  level : [32minfo[39m -- message : Application démarré sur localhost:8080 
- Date : 2019-11-01T21:59:46.910Z  --  level : [32minfo[39m -- message : Application démarré sur localhost:8080 
- Date : 2019-11-01T21:59:54.116Z  --  level : [32minfo[39m -- message : Application démarré sur localhost:8080 
- Date : 2019-11-01T22:00:07.068Z  --  level : [32minfo[39m -- message : Application démarré sur localhost:8080 
- Date : 2019-11-01T22:00:39.137Z  --  level : [32minfo[39m -- message : Application démarré sur localhost:8080 
- Date : 2019-11-01T22:01:35.864Z  --  level : [32minfo[39m -- message : Application démarré sur localhost:8080 
- Date : 2019-11-01T22:01:40.663Z  --  level : [32minfo[39m -- message : Application démarré sur localhost:8080 
- Date : 2019-11-01T22:01:50.691Z  --  level : [32minfo[39m -- message : Application démarré sur localhost:8080 
- Date : 2019-11-01T22:02:09.152Z  --  level : [32minfo[39m -- message : Application démarré sur localhost:8080 
- Date : 2019-11-01T22:04:16.878Z  --  level : [32minfo[39m -- message : Application démarré sur localhost:8080 
- Date : 2019-11-01T22:04:22.294Z  --  level : [32minfo[39m -- message : Application démarré sur localhost:8080 
- Date : 2019-11-01T22:06:12.509Z  --  level : [32minfo[39m -- message : Application démarré sur localhost:8080 
- Date : 2019-11-04T00:04:07.933Z  --  level : [32minfo[39m -- message : Application démarré sur localhost:8080 
- Date : 2019-11-04T01:46:39.823Z  --  level : [32minfo[39m -- message : Application démarré sur localhost:8080 
- Date : 2019-11-04T09:59:25.563Z  --  level : [32minfo[39m -- message : Application démarré sur localhost:8080 
- Date : 2019-11-04T10:30:31.406Z  --  level : [32minfo[39m -- message : Application démarré sur localhost:8080 
- Date : 2019-11-04T10:30:59.310Z  --  level : [32minfo[39m -- message : {"host":"localhost:8080","connection":"keep-alive","upgrade-insecure-requests":"1","user-agent":"Mozilla/5.0 (Windows NT 10.0; Win64; x64) AppleWebKit/537.36 (KHTML, like Gecko) Chrome/71.0.3578.98 Safari/537.36","dnt":"1","accept":"text/html,application/xhtml+xml,application/xml;q=0.9,image/webp,image/apng,*/*;q=0.8","accept-encoding":"gzip, deflate, br","accept-language":"fr-FR,fr;q=0.9,en-US;q=0.8,en;q=0.7","cookie":"_ga=GA1.1.214656947.1554302577"} 
- Date : 2019-11-04T10:30:59.322Z  --  level : [31merror[39m -- message : Error token invalid {} 
- Date : 2019-11-04T10:33:12.808Z  --  level : [32minfo[39m -- message : Application démarré sur localhost:8080 
- Date : 2019-11-04T10:33:19.673Z  --  level : [32minfo[39m -- message : Application démarré sur localhost:8080 
- Date : 2019-11-04T10:33:30.784Z  --  level : [32minfo[39m -- message : Application démarré sur localhost:8080 
- Date : 2019-11-04T10:33:42.919Z  --  level : [32minfo[39m -- message : Application démarré sur localhost:8080 
- Date : 2019-11-04T10:33:49.253Z  --  level : [32minfo[39m -- message : Application démarré sur localhost:8080 
- Date : 2019-11-04T10:33:56.872Z  --  level : [32minfo[39m -- message : Application démarré sur localhost:8080 
- Date : 2019-11-04T10:34:01.472Z  --  level : [32minfo[39m -- message : Application démarré sur localhost:8080 
- Date : 2019-11-04T10:35:25.906Z  --  level : [32minfo[39m -- message : Application démarré sur localhost:8080 
- Date : 2019-11-04T10:35:37.852Z  --  level : [32minfo[39m -- message : Application démarré sur localhost:8080 
- Date : 2019-11-04T10:35:45.017Z  --  level : [32minfo[39m -- message : {"host":"localhost:8080","connection":"keep-alive","upgrade-insecure-requests":"1","user-agent":"Mozilla/5.0 (Windows NT 10.0; Win64; x64) AppleWebKit/537.36 (KHTML, like Gecko) Chrome/71.0.3578.98 Safari/537.36","dnt":"1","accept":"text/html,application/xhtml+xml,application/xml;q=0.9,image/webp,image/apng,*/*;q=0.8","accept-encoding":"gzip, deflate, br","accept-language":"fr-FR,fr;q=0.9,en-US;q=0.8,en;q=0.7","cookie":"_ga=GA1.1.214656947.1554302577"} 
- Date : 2019-11-04T10:35:45.019Z  --  level : [31merror[39m -- message : Error token invalid {} 
- Date : 2019-11-04T10:42:31.099Z  --  level : [32minfo[39m -- message : Application démarré sur localhost:8080 
- Date : 2019-11-04T10:42:46.955Z  --  level : [32minfo[39m -- message : Application démarré sur localhost:8080 
- Date : 2019-11-04T10:42:52.969Z  --  level : [32minfo[39m -- message : {"host":"localhost:8080","connection":"keep-alive","cache-control":"max-age=0","upgrade-insecure-requests":"1","user-agent":"Mozilla/5.0 (Windows NT 10.0; Win64; x64) AppleWebKit/537.36 (KHTML, like Gecko) Chrome/71.0.3578.98 Safari/537.36","dnt":"1","accept":"text/html,application/xhtml+xml,application/xml;q=0.9,image/webp,image/apng,*/*;q=0.8","accept-encoding":"gzip, deflate, br","accept-language":"fr-FR,fr;q=0.9,en-US;q=0.8,en;q=0.7","cookie":"_ga=GA1.1.214656947.1554302577","if-none-match":"W/\"3e-6mGodKE0BH2ol/ZZPioNo379BaI\""} 
- Date : 2019-11-04T10:42:52.972Z  --  level : [31merror[39m -- message : Error token invalid {} 
- Date : 2019-11-04T10:42:53.315Z  --  level : [32minfo[39m -- message : {"host":"localhost:8080","connection":"keep-alive","cache-control":"max-age=0","upgrade-insecure-requests":"1","user-agent":"Mozilla/5.0 (Windows NT 10.0; Win64; x64) AppleWebKit/537.36 (KHTML, like Gecko) Chrome/71.0.3578.98 Safari/537.36","dnt":"1","accept":"text/html,application/xhtml+xml,application/xml;q=0.9,image/webp,image/apng,*/*;q=0.8","accept-encoding":"gzip, deflate, br","accept-language":"fr-FR,fr;q=0.9,en-US;q=0.8,en;q=0.7","cookie":"_ga=GA1.1.214656947.1554302577","if-none-match":"W/\"3e-6mGodKE0BH2ol/ZZPioNo379BaI\""} 
- Date : 2019-11-04T10:42:53.317Z  --  level : [31merror[39m -- message : Error token invalid {} 
- Date : 2019-11-04T10:43:24.602Z  --  level : [32minfo[39m -- message : Application démarré sur localhost:8080 
- Date : 2019-11-04T10:43:31.982Z  --  level : [32minfo[39m -- message : {"host":"localhost:8080","connection":"keep-alive","upgrade-insecure-requests":"1","user-agent":"Mozilla/5.0 (Windows NT 10.0; Win64; x64) AppleWebKit/537.36 (KHTML, like Gecko) Chrome/71.0.3578.98 Safari/537.36","dnt":"1","accept":"text/html,application/xhtml+xml,application/xml;q=0.9,image/webp,image/apng,*/*;q=0.8","accept-encoding":"gzip, deflate, br","accept-language":"fr-FR,fr;q=0.9,en-US;q=0.8,en;q=0.7","cookie":"_ga=GA1.1.214656947.1554302577","if-none-match":"W/\"3e-6mGodKE0BH2ol/ZZPioNo379BaI\""} 
- Date : 2019-11-04T10:43:31.985Z  --  level : [31merror[39m -- message : Error token invalid {} 
- Date : 2019-11-04T10:43:38.099Z  --  level : [32minfo[39m -- message : {"host":"localhost:8080","connection":"keep-alive","upgrade-insecure-requests":"1","user-agent":"Mozilla/5.0 (Windows NT 10.0; Win64; x64) AppleWebKit/537.36 (KHTML, like Gecko) Chrome/71.0.3578.98 Safari/537.36","dnt":"1","accept":"text/html,application/xhtml+xml,application/xml;q=0.9,image/webp,image/apng,*/*;q=0.8","accept-encoding":"gzip, deflate, br","accept-language":"fr-FR,fr;q=0.9,en-US;q=0.8,en;q=0.7","cookie":"_ga=GA1.1.214656947.1554302577","if-none-match":"W/\"3e-6mGodKE0BH2ol/ZZPioNo379BaI\""} 
- Date : 2019-11-04T10:43:38.101Z  --  level : [31merror[39m -- message : Error token invalid {} 
- Date : 2019-11-04T10:46:39.850Z  --  level : [32minfo[39m -- message : Application démarré sur localhost:8080 
- Date : 2019-11-04T10:50:22.353Z  --  level : [32minfo[39m -- message : Application démarré sur localhost:8080 
- Date : 2019-11-04T10:59:34.813Z  --  level : [32minfo[39m -- message : Application démarré sur localhost:8080 
- Date : 2019-11-04T11:00:17.256Z  --  level : [32minfo[39m -- message : Application démarré sur localhost:8080 
- Date : 2019-11-04T11:00:43.805Z  --  level : [32minfo[39m -- message : Application démarré sur localhost:8080 
- Date : 2019-11-04T11:02:41.134Z  --  level : [32minfo[39m -- message : Application démarré sur localhost:8080 
- Date : 2019-11-04T11:15:12.860Z  --  level : [32minfo[39m -- message : Application démarré sur localhost:8080 
- Date : 2019-11-04T11:16:21.967Z  --  level : [32minfo[39m -- message : Application démarré sur localhost:8080 
- Date : 2019-11-04T11:16:39.526Z  --  level : [32minfo[39m -- message : Application démarré sur localhost:8080 
- Date : 2019-11-04T11:17:18.550Z  --  level : [32minfo[39m -- message : Application démarré sur localhost:8080 
- Date : 2019-11-04T11:17:53.142Z  --  level : [32minfo[39m -- message : Application démarré sur localhost:8080 
- Date : 2019-11-04T11:17:59.969Z  --  level : [32minfo[39m -- message : Application démarré sur localhost:8080 
- Date : 2019-11-04T11:18:29.285Z  --  level : [32minfo[39m -- message : Application démarré sur localhost:8080 
- Date : 2019-11-04T11:18:55.584Z  --  level : [32minfo[39m -- message : Application démarré sur localhost:8080 
- Date : 2019-11-04T11:19:24.953Z  --  level : [32minfo[39m -- message : Application démarré sur localhost:8080 
- Date : 2019-11-04T11:19:36.214Z  --  level : [32minfo[39m -- message : Application démarré sur localhost:8080 
- Date : 2019-11-04T11:19:44.670Z  --  level : [32minfo[39m -- message : Application démarré sur localhost:8080 
- Date : 2019-11-04T11:20:26.681Z  --  level : [32minfo[39m -- message : Application démarré sur localhost:8080 
- Date : 2019-11-04T11:20:42.432Z  --  level : [32minfo[39m -- message : Application démarré sur localhost:8080 
- Date : 2019-11-04T11:20:47.107Z  --  level : [32minfo[39m -- message : Application démarré sur localhost:8080 
- Date : 2019-11-04T11:20:49.843Z  --  level : [32minfo[39m -- message : Application démarré sur localhost:8080 
- Date : 2019-11-04T11:21:07.207Z  --  level : [32minfo[39m -- message : Application démarré sur localhost:8080 
- Date : 2019-11-04T11:21:19.264Z  --  level : [32minfo[39m -- message : Application démarré sur localhost:8080 
- Date : 2019-11-04T11:21:37.227Z  --  level : [32minfo[39m -- message : Application démarré sur localhost:8080 
- Date : 2019-11-04T11:21:55.029Z  --  level : [32minfo[39m -- message : Application démarré sur localhost:8080 
- Date : 2019-11-04T11:25:48.724Z  --  level : [32minfo[39m -- message : Application démarré sur localhost:8080 
- Date : 2019-11-04T11:26:06.979Z  --  level : [32minfo[39m -- message : Application démarré sur localhost:8080 
- Date : 2019-11-04T11:26:10.416Z  --  level : [32minfo[39m -- message : Application démarré sur localhost:8080 
- Date : 2019-11-04T11:26:16.609Z  --  level : [32minfo[39m -- message : Application démarré sur localhost:8080 
- Date : 2019-11-04T11:26:57.297Z  --  level : [32minfo[39m -- message : Application démarré sur localhost:8080 
- Date : 2019-11-04T11:27:37.167Z  --  level : [32minfo[39m -- message : Application démarré sur localhost:8080 
- Date : 2019-11-04T11:27:42.177Z  --  level : [32minfo[39m -- message : Application démarré sur localhost:8080 
- Date : 2019-11-04T11:27:50.920Z  --  level : [32minfo[39m -- message : Application démarré sur localhost:8080 
- Date : 2019-11-04T11:27:55.105Z  --  level : [32minfo[39m -- message : Application démarré sur localhost:8080 
- Date : 2019-11-04T11:28:10.565Z  --  level : [32minfo[39m -- message : Application démarré sur localhost:8080 
- Date : 2019-11-04T11:28:34.563Z  --  level : [32minfo[39m -- message : Application démarré sur localhost:8080 
- Date : 2019-11-04T11:28:53.628Z  --  level : [32minfo[39m -- message : Application démarré sur localhost:8080 
- Date : 2019-11-04T11:29:05.244Z  --  level : [32minfo[39m -- message : Application démarré sur localhost:8080 
- Date : 2019-11-04T11:29:23.757Z  --  level : [32minfo[39m -- message : Application démarré sur localhost:8080 
- Date : 2019-11-04T11:29:31.102Z  --  level : [32minfo[39m -- message : Application démarré sur localhost:8080 
- Date : 2019-11-04T11:30:17.737Z  --  level : [32minfo[39m -- message : Application démarré sur localhost:8080 
- Date : 2019-11-04T11:53:30.544Z  --  level : [32minfo[39m -- message : Application démarré sur localhost:8080 
- Date : 2019-11-04T11:54:11.471Z  --  level : [32minfo[39m -- message : Application démarré sur localhost:8080 
- Date : 2019-11-04T11:54:29.724Z  --  level : [32minfo[39m -- message : Application démarré sur localhost:8080 
- Date : 2019-11-04T11:56:31.832Z  --  level : [32minfo[39m -- message : Application démarré sur localhost:8080 
- Date : 2019-11-04T11:56:56.664Z  --  level : [32minfo[39m -- message : Application démarré sur localhost:8080 
- Date : 2019-11-04T11:57:30.077Z  --  level : [32minfo[39m -- message : Application démarré sur localhost:8080 
- Date : 2019-11-04T11:57:33.099Z  --  level : [32minfo[39m -- message : Application démarré sur localhost:8080 
- Date : 2019-11-04T11:57:52.393Z  --  level : [32minfo[39m -- message : Application démarré sur localhost:8080 
- Date : 2019-11-04T12:00:13.023Z  --  level : [32minfo[39m -- message : Application démarré sur localhost:8080 
- Date : 2019-11-04T12:00:34.470Z  --  level : [32minfo[39m -- message : Application démarré sur localhost:8080 
- Date : 2019-11-04T12:00:38.808Z  --  level : [32minfo[39m -- message : Application démarré sur localhost:8080 
- Date : 2019-11-04T12:00:55.355Z  --  level : [32minfo[39m -- message : {"host":"localhost:8080","connection":"keep-alive","upgrade-insecure-requests":"1","user-agent":"Mozilla/5.0 (Windows NT 10.0; Win64; x64) AppleWebKit/537.36 (KHTML, like Gecko) Chrome/71.0.3578.98 Safari/537.36","dnt":"1","accept":"text/html,application/xhtml+xml,application/xml;q=0.9,image/webp,image/apng,*/*;q=0.8","accept-encoding":"gzip, deflate, br","accept-language":"fr-FR,fr;q=0.9,en-US;q=0.8,en;q=0.7","cookie":"_ga=GA1.1.214656947.1554302577","if-none-match":"W/\"3e-6mGodKE0BH2ol/ZZPioNo379BaI\""} 
- Date : 2019-11-04T12:00:55.357Z  --  level : [31merror[39m -- message : Error token invalid {} 
- Date : 2019-11-04T12:02:31.018Z  --  level : [32minfo[39m -- message : Application démarré sur localhost:8080 
- Date : 2019-11-04T12:05:54.697Z  --  level : [32minfo[39m -- message : Application démarré sur localhost:8080 
- Date : 2019-11-04T12:07:12.080Z  --  level : [32minfo[39m -- message : Application démarré sur localhost:8080 
- Date : 2019-11-04T12:07:16.583Z  --  level : [32minfo[39m -- message : Application démarré sur localhost:8080 
- Date : 2019-11-04T12:08:50.849Z  --  level : [32minfo[39m -- message : Application démarré sur localhost:8080 
- Date : 2019-11-04T12:32:17.324Z  --  level : [32minfo[39m -- message : Application démarré sur localhost:8080 
- Date : 2019-11-04T12:37:42.387Z  --  level : [32minfo[39m -- message : Application démarré sur localhost:8080 
- Date : 2019-11-04T12:37:53.960Z  --  level : [32minfo[39m -- message : Application démarré sur localhost:8080 
- Date : 2019-11-04T12:38:23.607Z  --  level : [32minfo[39m -- message : Application démarré sur localhost:8080 
- Date : 2019-11-04T12:39:01.769Z  --  level : [32minfo[39m -- message : Application démarré sur localhost:8080 
- Date : 2019-11-04T12:39:22.265Z  --  level : [32minfo[39m -- message : Application démarré sur localhost:8080 
- Date : 2019-11-04T12:39:31.459Z  --  level : [32minfo[39m -- message : Application démarré sur localhost:8080 
- Date : 2019-11-04T12:39:40.790Z  --  level : [32minfo[39m -- message : Application démarré sur localhost:8080 
- Date : 2019-11-04T12:42:49.587Z  --  level : [32minfo[39m -- message : Application démarré sur localhost:8080 
- Date : 2019-11-04T12:43:09.376Z  --  level : [32minfo[39m -- message : Application démarré sur localhost:8080 
- Date : 2019-11-04T12:43:26.350Z  --  level : [32minfo[39m -- message : Application démarré sur localhost:8080 
- Date : 2019-11-04T12:43:45.979Z  --  level : [32minfo[39m -- message : Application démarré sur localhost:8080 
- Date : 2019-11-04T12:45:50.638Z  --  level : [32minfo[39m -- message : Application démarré sur localhost:8080 
- Date : 2019-11-04T12:46:00.833Z  --  level : [32minfo[39m -- message : Application démarré sur localhost:8080 
- Date : 2019-11-04T12:46:09.603Z  --  level : [32minfo[39m -- message : Application démarré sur localhost:8080 
- Date : 2019-11-04T12:47:36.889Z  --  level : [32minfo[39m -- message : Application démarré sur localhost:8080 
- Date : 2019-11-04T12:47:54.348Z  --  level : [32minfo[39m -- message : Application démarré sur localhost:8080 
- Date : 2019-11-04T12:48:01.840Z  --  level : [32minfo[39m -- message : Application démarré sur localhost:8080 
- Date : 2019-11-04T12:48:09.950Z  --  level : [32minfo[39m -- message : Application démarré sur localhost:8080 
- Date : 2019-11-04T12:48:31.150Z  --  level : [32minfo[39m -- message : Application démarré sur localhost:8080 
- Date : 2019-11-04T12:48:39.401Z  --  level : [32minfo[39m -- message : Application démarré sur localhost:8080 
- Date : 2019-11-04T12:48:42.825Z  --  level : [32minfo[39m -- message : Application démarré sur localhost:8080 
- Date : 2019-11-04T12:48:56.217Z  --  level : [32minfo[39m -- message : Application démarré sur localhost:8080 
- Date : 2019-11-04T12:49:33.026Z  --  level : [32minfo[39m -- message : Application démarré sur localhost:8080 
- Date : 2019-11-04T12:49:43.171Z  --  level : [32minfo[39m -- message : Application démarré sur localhost:8080 
- Date : 2019-11-04T12:51:14.072Z  --  level : [32minfo[39m -- message : Application démarré sur localhost:8080 
- Date : 2019-11-04T12:51:25.859Z  --  level : [32minfo[39m -- message : Application démarré sur localhost:8080 
- Date : 2019-11-04T12:56:31.732Z  --  level : [32minfo[39m -- message : Application démarré sur localhost:8080 
- Date : 2019-11-04T12:56:39.453Z  --  level : [32minfo[39m -- message : Application démarré sur localhost:8080 
- Date : 2019-11-04T12:56:56.398Z  --  level : [32minfo[39m -- message : Application démarré sur localhost:8080 
- Date : 2019-11-04T12:57:00.536Z  --  level : [32minfo[39m -- message : Application démarré sur localhost:8080 
- Date : 2019-11-04T12:57:14.760Z  --  level : [32minfo[39m -- message : Application démarré sur localhost:8080 
- Date : 2019-11-04T12:57:18.925Z  --  level : [32minfo[39m -- message : Application démarré sur localhost:8080 
- Date : 2019-11-04T12:57:27.956Z  --  level : [32minfo[39m -- message : Application démarré sur localhost:8080 
- Date : 2019-11-04T12:57:54.763Z  --  level : [32minfo[39m -- message : Application démarré sur localhost:8080 
- Date : 2019-11-04T12:58:21.002Z  --  level : [32minfo[39m -- message : Application démarré sur localhost:8080 
- Date : 2019-11-04T12:58:39.173Z  --  level : [32minfo[39m -- message : Application démarré sur localhost:8080 
- Date : 2019-11-04T12:58:50.586Z  --  level : [32minfo[39m -- message : Application démarré sur localhost:8080 
- Date : 2019-11-04T12:59:20.534Z  --  level : [32minfo[39m -- message : Application démarré sur localhost:8080 
- Date : 2019-11-04T12:59:57.791Z  --  level : [32minfo[39m -- message : Application démarré sur localhost:8080 
- Date : 2019-11-04T13:00:26.382Z  --  level : [32minfo[39m -- message : Application démarré sur localhost:8080 
- Date : 2019-11-04T13:03:15.801Z  --  level : [32minfo[39m -- message : Application démarré sur localhost:8080 
- Date : 2019-11-04T13:04:04.446Z  --  level : [32minfo[39m -- message : Application démarré sur localhost:8080 
- Date : 2019-11-04T13:04:19.970Z  --  level : [32minfo[39m -- message : Application démarré sur localhost:8080 
- Date : 2019-11-04T13:04:44.742Z  --  level : [32minfo[39m -- message : Application démarré sur localhost:8080 
- Date : 2019-11-04T13:05:09.723Z  --  level : [32minfo[39m -- message : Application démarré sur localhost:8080 
- Date : 2019-11-04T13:14:55.527Z  --  level : [32minfo[39m -- message : Application démarré sur localhost:8080 
- Date : 2019-11-04T13:15:31.822Z  --  level : [32minfo[39m -- message : Application démarré sur localhost:8080 
- Date : 2019-11-04T13:15:37.704Z  --  level : [32minfo[39m -- message : Application démarré sur localhost:8080 
- Date : 2019-11-04T13:16:33.099Z  --  level : [32minfo[39m -- message : Application démarré sur localhost:8080 
- Date : 2019-11-04T13:17:54.065Z  --  level : [32minfo[39m -- message : Application démarré sur localhost:8080 
- Date : 2019-11-04T13:18:12.789Z  --  level : [32minfo[39m -- message : Application démarré sur localhost:8080 
- Date : 2019-11-04T13:18:55.378Z  --  level : [32minfo[39m -- message : Application démarré sur localhost:8080 
- Date : 2019-11-04T13:19:10.238Z  --  level : [32minfo[39m -- message : Application démarré sur localhost:8080 
- Date : 2019-11-04T13:20:22.552Z  --  level : [32minfo[39m -- message : Application démarré sur localhost:8080 
- Date : 2019-11-04T13:21:14.601Z  --  level : [32minfo[39m -- message : Application démarré sur localhost:8080 
- Date : 2019-11-04T13:21:58.301Z  --  level : [32minfo[39m -- message : Application démarré sur localhost:8080 
- Date : 2019-11-04T13:22:15.328Z  --  level : [32minfo[39m -- message : Application démarré sur localhost:8080 
- Date : 2019-11-04T13:22:52.835Z  --  level : [32minfo[39m -- message : Application démarré sur localhost:8080 
- Date : 2019-11-04T13:23:33.625Z  --  level : [32minfo[39m -- message : Application démarré sur localhost:8080 
- Date : 2019-11-04T13:24:03.313Z  --  level : [32minfo[39m -- message : Application démarré sur localhost:8080 
- Date : 2019-11-04T13:24:46.806Z  --  level : [32minfo[39m -- message : Application démarré sur localhost:8080 
- Date : 2019-11-04T13:25:28.841Z  --  level : [32minfo[39m -- message : Application démarré sur localhost:8080 
- Date : 2019-11-04T13:25:53.699Z  --  level : [32minfo[39m -- message : Application démarré sur localhost:8080 
- Date : 2019-11-04T13:26:36.708Z  --  level : [32minfo[39m -- message : Application démarré sur localhost:8080 
- Date : 2019-11-04T13:54:00.636Z  --  level : [32minfo[39m -- message : Application démarré sur localhost:8080 
- Date : 2019-11-04T13:54:39.840Z  --  level : [32minfo[39m -- message : Application démarré sur localhost:8080 
- Date : 2019-11-04T13:55:26.677Z  --  level : [32minfo[39m -- message : Application démarré sur localhost:8080 
- Date : 2019-11-04T13:58:41.937Z  --  level : [32minfo[39m -- message : Application démarré sur localhost:8080 
- Date : 2019-11-04T13:58:47.898Z  --  level : [32minfo[39m -- message : Application démarré sur localhost:8080 
- Date : 2019-11-04T13:59:06.943Z  --  level : [32minfo[39m -- message : Application démarré sur localhost:8080 
- Date : 2019-11-04T14:00:03.833Z  --  level : [32minfo[39m -- message : Application démarré sur localhost:8080 
- Date : 2019-11-04T14:00:48.620Z  --  level : [32minfo[39m -- message : Application démarré sur localhost:8080 
- Date : 2019-11-04T14:01:14.514Z  --  level : [32minfo[39m -- message : Application démarré sur localhost:8080 
- Date : 2019-11-04T14:02:58.698Z  --  level : [32minfo[39m -- message : Application démarré sur localhost:8080 
- Date : 2019-11-04T14:04:09.360Z  --  level : [32minfo[39m -- message : Application démarré sur localhost:8080 
- Date : 2019-11-04T14:04:50.560Z  --  level : [32minfo[39m -- message : Application démarré sur localhost:8080 
- Date : 2019-11-04T14:04:58.010Z  --  level : [32minfo[39m -- message : Application démarré sur localhost:8080 
- Date : 2019-11-04T14:05:45.655Z  --  level : [32minfo[39m -- message : Application démarré sur localhost:8080 
- Date : 2019-11-04T14:06:06.461Z  --  level : [32minfo[39m -- message : Application démarré sur localhost:8080 
- Date : 2019-11-04T14:06:23.817Z  --  level : [32minfo[39m -- message : Application démarré sur localhost:8080 
- Date : 2019-11-04T14:07:27.730Z  --  level : [32minfo[39m -- message : Application démarré sur localhost:8080 
- Date : 2019-11-04T14:19:53.893Z  --  level : [32minfo[39m -- message : Application démarré sur localhost:8080 
- Date : 2019-11-04T14:19:58.023Z  --  level : [32minfo[39m -- message : Application démarré sur localhost:8080 
- Date : 2019-11-04T14:21:01.064Z  --  level : [32minfo[39m -- message : Application démarré sur localhost:8080 
- Date : 2019-11-04T14:21:06.398Z  --  level : [32minfo[39m -- message : Application démarré sur localhost:8080 
- Date : 2019-11-04T14:21:25.051Z  --  level : [32minfo[39m -- message : Application démarré sur localhost:8080 
- Date : 2019-11-04T14:21:54.317Z  --  level : [32minfo[39m -- message : Application démarré sur localhost:8080 
- Date : 2019-11-04T14:22:08.485Z  --  level : [32minfo[39m -- message : Application démarré sur localhost:8080 
- Date : 2019-11-04T14:22:58.862Z  --  level : [32minfo[39m -- message : Application démarré sur localhost:8080 
- Date : 2019-11-04T14:23:13.411Z  --  level : [32minfo[39m -- message : Application démarré sur localhost:8080 
- Date : 2019-11-04T14:23:49.168Z  --  level : [32minfo[39m -- message : Application démarré sur localhost:8080 
- Date : 2019-11-04T14:23:59.221Z  --  level : [32minfo[39m -- message : Application démarré sur localhost:8080 
- Date : 2019-11-04T14:24:02.780Z  --  level : [32minfo[39m -- message : Application démarré sur localhost:8080 
- Date : 2019-11-04T14:24:09.038Z  --  level : [32minfo[39m -- message : Application démarré sur localhost:8080 
- Date : 2019-11-04T14:54:16.818Z  --  level : [32minfo[39m -- message : Application démarré sur localhost:8080 
- Date : 2019-11-04T15:01:02.564Z  --  level : [32minfo[39m -- message : Application démarré sur localhost:8080 
- Date : 2019-11-04T15:01:35.161Z  --  level : [32minfo[39m -- message : Application démarré sur localhost:8080 
- Date : 2019-11-04T15:01:54.367Z  --  level : [32minfo[39m -- message : Application démarré sur localhost:8080 
- Date : 2019-11-04T15:02:03.102Z  --  level : [32minfo[39m -- message : Application démarré sur localhost:8080 
- Date : 2019-11-04T15:02:21.673Z  --  level : [32minfo[39m -- message : Application démarré sur localhost:8080 
- Date : 2019-11-04T15:02:49.082Z  --  level : [32minfo[39m -- message : Application démarré sur localhost:8080 
- Date : 2019-11-04T15:05:51.362Z  --  level : [32minfo[39m -- message : Application démarré sur localhost:8080 
- Date : 2019-11-04T15:07:35.845Z  --  level : [32minfo[39m -- message : Application démarré sur localhost:8080 
- Date : 2019-11-04T15:09:56.523Z  --  level : [32minfo[39m -- message : Application démarré sur localhost:8080 
- Date : 2019-11-04T15:10:20.164Z  --  level : [32minfo[39m -- message : Application démarré sur localhost:8080 
- Date : 2019-11-04T15:10:36.993Z  --  level : [32minfo[39m -- message : Application démarré sur localhost:8080 
- Date : 2019-11-04T15:12:07.792Z  --  level : [32minfo[39m -- message : Application démarré sur localhost:8080 
- Date : 2019-11-04T15:12:31.861Z  --  level : [32minfo[39m -- message : Application démarré sur localhost:8080 
- Date : 2019-11-04T15:12:45.982Z  --  level : [32minfo[39m -- message : Application démarré sur localhost:8080 
- Date : 2019-11-04T15:13:46.817Z  --  level : [32minfo[39m -- message : Application démarré sur localhost:8080 
- Date : 2019-11-04T15:14:12.695Z  --  level : [32minfo[39m -- message : Application démarré sur localhost:8080 
- Date : 2019-11-04T15:15:07.181Z  --  level : [32minfo[39m -- message : Application démarré sur localhost:8080 
- Date : 2019-11-04T15:16:19.527Z  --  level : [32minfo[39m -- message : {"user-agent":"PostmanRuntime/7.19.0","accept":"*/*","cache-control":"no-cache","postman-token":"3afe0bf0-c817-465c-a2af-0507b65c9951","host":"localhost:8080","accept-encoding":"gzip, deflate","connection":"keep-alive"} 
- Date : 2019-11-04T15:16:19.528Z  --  level : [31merror[39m -- message : Error token invalid {} 
- Date : 2019-11-04T15:17:25.988Z  --  level : [32minfo[39m -- message : false,[object Object] 
- Date : 2019-11-04T15:21:12.142Z  --  level : [32minfo[39m -- message : Application démarré sur localhost:8080 
- Date : 2019-11-04T15:22:20.776Z  --  level : [32minfo[39m -- message : {"user-agent":"PostmanRuntime/7.19.0","accept":"*/*","cache-control":"no-cache","postman-token":"f3af7592-993c-4ca8-b39b-f9db6de5b7f9","host":"localhost:8080","accept-encoding":"gzip, deflate","connection":"keep-alive"} 
- Date : 2019-11-04T15:22:20.777Z  --  level : [31merror[39m -- message : Error token invalid {} 
- Date : 2019-11-04T15:22:53.288Z  --  level : [32minfo[39m -- message : false,[object Object] 
- Date : 2019-11-04T15:23:44.908Z  --  level : [32minfo[39m -- message : false,[object Object] 
- Date : 2019-11-04T15:25:12.720Z  --  level : [32minfo[39m -- message : Application démarré sur localhost:8080 
- Date : 2019-11-04T15:25:26.263Z  --  level : [32minfo[39m -- message : Application démarré sur localhost:8080 
- Date : 2019-11-04T15:25:57.358Z  --  level : [32minfo[39m -- message : Application démarré sur localhost:8080 
- Date : 2019-11-04T15:26:25.198Z  --  level : [32minfo[39m -- message : Application démarré sur localhost:8080 
- Date : 2019-11-04T15:28:09.869Z  --  level : [32minfo[39m -- message : false,[object Object] 
- Date : 2019-11-04T15:30:21.192Z  --  level : [32minfo[39m -- message : false,[object Object] 
- Date : 2019-11-04T15:31:17.407Z  --  level : [32minfo[39m -- message : Application démarré sur localhost:8080 
- Date : 2019-11-04T15:31:30.342Z  --  level : [32minfo[39m -- message : Application démarré sur localhost:8080 
- Date : 2019-11-04T15:31:34.000Z  --  level : [32minfo[39m -- message : false,[object Object] 
- Date : 2019-11-04T15:33:02.138Z  --  level : [32minfo[39m -- message : Application démarré sur localhost:8080 
- Date : 2019-11-04T15:33:42.440Z  --  level : [32minfo[39m -- message : Application démarré sur localhost:8080 
- Date : 2019-11-04T15:33:52.246Z  --  level : [32minfo[39m -- message : Application démarré sur localhost:8080 
- Date : 2019-11-04T15:34:06.069Z  --  level : [32minfo[39m -- message : Application démarré sur localhost:8080 
- Date : 2019-11-04T15:34:24.643Z  --  level : [32minfo[39m -- message : Application démarré sur localhost:8080 
- Date : 2019-11-04T15:34:28.719Z  --  level : [32minfo[39m -- message : false,[object Object] 
- Date : 2019-11-04T15:36:07.012Z  --  level : [32minfo[39m -- message : Application démarré sur localhost:8080 
- Date : 2019-11-04T15:36:10.188Z  --  level : [32minfo[39m -- message : false,[object Object] 
- Date : 2019-11-04T15:36:52.870Z  --  level : [32minfo[39m -- message : Application démarré sur localhost:8080 
- Date : 2019-11-04T15:36:58.171Z  --  level : [32minfo[39m -- message : false,[object Object] 
- Date : 2019-11-04T15:37:26.627Z  --  level : [32minfo[39m -- message : false,[object Object] 
- Date : 2019-11-04T15:45:10.411Z  --  level : [32minfo[39m -- message : Application démarré sur localhost:8080 
- Date : 2019-11-04T15:45:43.207Z  --  level : [32minfo[39m -- message : Application démarré sur localhost:8080 
- Date : 2019-11-04T15:46:33.529Z  --  level : [32minfo[39m -- message : Application démarré sur localhost:8080 
- Date : 2019-11-04T15:52:26.946Z  --  level : [32minfo[39m -- message : false,[object Object] 
- Date : 2019-11-04T15:53:16.606Z  --  level : [32minfo[39m -- message : Application démarré sur localhost:8080 
- Date : 2019-11-04T15:53:21.450Z  --  level : [32minfo[39m -- message : false,[object Object] 
- Date : 2019-11-04T15:53:38.635Z  --  level : [32minfo[39m -- message : Application démarré sur localhost:8080 
- Date : 2019-11-04T15:53:41.943Z  --  level : [32minfo[39m -- message : false,[object Object] 
- Date : 2019-11-04T15:54:19.046Z  --  level : [32minfo[39m -- message : Application démarré sur localhost:8080 
- Date : 2019-11-04T15:54:37.119Z  --  level : [32minfo[39m -- message : Application démarré sur localhost:8080 
- Date : 2019-11-04T15:54:41.902Z  --  level : [32minfo[39m -- message : false,[object Object] 
- Date : 2019-11-04T15:56:40.521Z  --  level : [32minfo[39m -- message : Application démarré sur localhost:8080 
- Date : 2019-11-04T15:58:04.100Z  --  level : [32minfo[39m -- message : Application démarré sur localhost:8080 
- Date : 2019-11-04T15:59:16.638Z  --  level : [32minfo[39m -- message : Application démarré sur localhost:8080 
- Date : 2019-11-04T15:59:34.843Z  --  level : [32minfo[39m -- message : false,[object Object] 
- Date : 2019-11-04T16:00:53.735Z  --  level : [32minfo[39m -- message : Application démarré sur localhost:8080 
- Date : 2019-11-04T16:01:07.037Z  --  level : [32minfo[39m -- message : Application démarré sur localhost:8080 
- Date : 2019-11-04T16:22:39.890Z  --  level : [32minfo[39m -- message : Application démarré sur localhost:8080 
- Date : 2019-11-04T16:22:49.641Z  --  level : [32minfo[39m -- message : Application démarré sur localhost:8080 
- Date : 2019-11-04T16:23:02.125Z  --  level : [32minfo[39m -- message : Application démarré sur localhost:8080 
- Date : 2019-11-04T16:23:49.215Z  --  level : [32minfo[39m -- message : Application démarré sur localhost:8080 
- Date : 2019-11-04T16:24:59.517Z  --  level : [32minfo[39m -- message : Application démarré sur localhost:8080 
- Date : 2019-11-04T16:25:05.624Z  --  level : [32minfo[39m -- message : false,[object Object] 
- Date : 2019-11-04T16:25:13.871Z  --  level : [32minfo[39m -- message : false,[object Object] 
- Date : 2019-11-04T16:25:35.338Z  --  level : [32minfo[39m -- message : false,[object Object] 
- Date : 2019-11-04T16:28:24.057Z  --  level : [32minfo[39m -- message : Application démarré sur localhost:8080 
- Date : 2019-11-04T16:29:09.687Z  --  level : [32minfo[39m -- message : false,[object Object] 
- Date : 2019-11-04T16:31:01.529Z  --  level : [32minfo[39m -- message : Application démarré sur localhost:8080 
- Date : 2019-11-04T16:31:16.351Z  --  level : [32minfo[39m -- message : Application démarré sur localhost:8080 
- Date : 2019-11-04T16:32:04.137Z  --  level : [32minfo[39m -- message : Application démarré sur localhost:8080 
- Date : 2019-11-04T16:49:50.512Z  --  level : [32minfo[39m -- message : Application démarré sur localhost:8080 
- Date : 2019-11-04T16:51:20.280Z  --  level : [32minfo[39m -- message : Application démarré sur localhost:8080 
- Date : 2019-11-04T16:54:22.690Z  --  level : [32minfo[39m -- message : Application démarré sur localhost:8080 
- Date : 2019-11-04T16:56:18.359Z  --  level : [32minfo[39m -- message : Application démarré sur localhost:8080 
- Date : 2019-11-04T16:56:19.549Z  --  level : [32minfo[39m -- message : false,[object Object] 
- Date : 2019-11-04T16:56:21.459Z  --  level : [32minfo[39m -- message : false,[object Object] 
- Date : 2019-11-04T16:59:33.113Z  --  level : [32minfo[39m -- message : Application démarré sur localhost:8080 
- Date : 2019-11-04T17:00:18.226Z  --  level : [32minfo[39m -- message : Application démarré sur localhost:8080 
- Date : 2019-11-04T17:00:35.023Z  --  level : [32minfo[39m -- message : Application démarré sur localhost:8080 
- Date : 2019-11-04T17:00:52.887Z  --  level : [32minfo[39m -- message : Application démarré sur localhost:8080 
- Date : 2019-11-04T17:01:18.611Z  --  level : [32minfo[39m -- message : Application démarré sur localhost:8080 
- Date : 2019-11-04T17:01:49.927Z  --  level : [32minfo[39m -- message : Application démarré sur localhost:8080 
- Date : 2019-11-04T17:03:56.926Z  --  level : [32minfo[39m -- message : Application démarré sur localhost:8080 
- Date : 2019-11-04T17:04:31.128Z  --  level : [32minfo[39m -- message : {"host":"localhost:8080","connection":"keep-alive","user-agent":"Mozilla/5.0 (Windows NT 10.0; Win64; x64) AppleWebKit/537.36 (KHTML, like Gecko) Chrome/71.0.3578.98 Safari/537.36","cache-control":"no-cache","authorization":"\"eyJhbGciOiJIUzI1NiIsInR5cCI6IkpXVCJ9.eyJ1c2VybmFtZSI6InRvdXJlNTAxMyIsImlhdCI6MTU3Mjg4MDU5NywiZXhwIjoxNTcyODg0MTk3fQ.-JvX-PHEsVvPkVaND7C1pcm_ouPY-2R-kxDWAR98CTE\"","postman-token":"152ad4e5-f534-bd42-29dd-593fba6ce0e3","accept":"*/*","accept-encoding":"gzip, deflate, br","accept-language":"en-US,en;q=0.9"} 
- Date : 2019-11-04T17:05:11.358Z  --  level : [32minfo[39m -- message : {"host":"localhost:8080","connection":"keep-alive","user-agent":"Mozilla/5.0 (Windows NT 10.0; Win64; x64) AppleWebKit/537.36 (KHTML, like Gecko) Chrome/71.0.3578.98 Safari/537.36","cache-control":"no-cache","authorization":"eyJhbGciOiJIUzI1NiIsInR5cCI6IkpXVCJ9.eyJ1c2VybmFtZSI6InRvdXJlNTAxMyIsImlhdCI6MTU3Mjg4MDU5NywiZXhwIjoxNTcyODg0MTk3fQ.-JvX-PHEsVvPkVaND7C1pcm_ouPY-2R-kxDWAR98CTE","postman-token":"89552808-024f-f424-dcba-0d80374d6771","accept":"*/*","accept-encoding":"gzip, deflate, br","accept-language":"en-US,en;q=0.9"} 
- Date : 2019-11-04T17:05:18.313Z  --  level : [32minfo[39m -- message : {"host":"localhost:8080","connection":"keep-alive","user-agent":"Mozilla/5.0 (Windows NT 10.0; Win64; x64) AppleWebKit/537.36 (KHTML, like Gecko) Chrome/71.0.3578.98 Safari/537.36","cache-control":"no-cache","authorization":"eyJhbGciOiJIUzI1NiIsInR5cCI6IkpXVCJ9.eyJ1c2VybmFtZSI6InRvdXJlNTAxMyIsImlhdCI6MTU3Mjg4NzA4OSwiZXhwIjoxNTcyODkwNjg5fQ.3Kk090fSR422Q_TxsbFirTt4evM6h6inrfBnFnJQP1k","postman-token":"fa3e3fc0-13d2-1637-11db-65fbd20d7a39","accept":"*/*","accept-encoding":"gzip, deflate, br","accept-language":"en-US,en;q=0.9"} 
- Date : 2019-11-04T17:07:09.444Z  --  level : [32minfo[39m -- message : Application démarré sur localhost:8080 
- Date : 2019-11-04T17:07:16.380Z  --  level : [32minfo[39m -- message : {"host":"localhost:8080","connection":"keep-alive","user-agent":"Mozilla/5.0 (Windows NT 10.0; Win64; x64) AppleWebKit/537.36 (KHTML, like Gecko) Chrome/71.0.3578.98 Safari/537.36","cache-control":"no-cache","authorization":"eyJhbGciOiJIUzI1NiIsInR5cCI6IkpXVCJ9.eyJ1c2VybmFtZSI6InRvdXJlNTAxMyIsImlhdCI6MTU3Mjg4NzA4OSwiZXhwIjoxNTcyODkwNjg5fQ.3Kk090fSR422Q_TxsbFirTt4evM6h6inrfBnFnJQP1k","postman-token":"f61d7919-7ebb-4848-0741-930b2e320235","accept":"*/*","accept-encoding":"gzip, deflate, br","accept-language":"en-US,en;q=0.9"} 
- Date : 2019-11-04T17:08:13.207Z  --  level : [32minfo[39m -- message : Application démarré sur localhost:8080 
- Date : 2019-11-04T17:08:15.800Z  --  level : [32minfo[39m -- message : {"host":"localhost:8080","connection":"keep-alive","user-agent":"Mozilla/5.0 (Windows NT 10.0; Win64; x64) AppleWebKit/537.36 (KHTML, like Gecko) Chrome/71.0.3578.98 Safari/537.36","cache-control":"no-cache","authorization":"eyJhbGciOiJIUzI1NiIsInR5cCI6IkpXVCJ9.eyJ1c2VybmFtZSI6InRvdXJlNTAxMyIsImlhdCI6MTU3Mjg4NzA4OSwiZXhwIjoxNTcyODkwNjg5fQ.3Kk090fSR422Q_TxsbFirTt4evM6h6inrfBnFnJQP1k","postman-token":"d2391bf0-4a4b-83a0-a139-e2f865136b98","accept":"*/*","accept-encoding":"gzip, deflate, br","accept-language":"en-US,en;q=0.9"} 
- Date : 2019-11-04T17:09:18.686Z  --  level : [32minfo[39m -- message : Application démarré sur localhost:8080 
- Date : 2019-11-04T17:09:20.999Z  --  level : [32minfo[39m -- message : {"host":"localhost:8080","connection":"keep-alive","user-agent":"Mozilla/5.0 (Windows NT 10.0; Win64; x64) AppleWebKit/537.36 (KHTML, like Gecko) Chrome/71.0.3578.98 Safari/537.36","cache-control":"no-cache","authorization":"eyJhbGciOiJIUzI1NiIsInR5cCI6IkpXVCJ9.eyJ1c2VybmFtZSI6InRvdXJlNTAxMyIsImlhdCI6MTU3Mjg4NzA4OSwiZXhwIjoxNTcyODkwNjg5fQ.3Kk090fSR422Q_TxsbFirTt4evM6h6inrfBnFnJQP1k","postman-token":"b4e5c702-8d80-f6e5-ed7b-1a74b3a0ef2d","accept":"*/*","accept-encoding":"gzip, deflate, br","accept-language":"en-US,en;q=0.9"} 
- Date : 2019-11-04T17:09:21.005Z  --  level : [32minfo[39m -- message : get All user with success 
- Date : 2019-11-04T17:10:36.226Z  --  level : [32minfo[39m -- message : Application démarré sur localhost:8080 
- Date : 2019-11-04T17:11:20.304Z  --  level : [32minfo[39m -- message : {"host":"localhost:8080","connection":"keep-alive","user-agent":"Mozilla/5.0 (Windows NT 10.0; Win64; x64) AppleWebKit/537.36 (KHTML, like Gecko) Chrome/71.0.3578.98 Safari/537.36","cache-control":"no-cache","authorization":"eyJhbGciOiJIUzI1NiIsInR5cCI6IkpXVCJ9.eyJ1c2VybmFtZSI6InRvdXJlNTAxMyIsImlhdCI6MTU3Mjg4NzA4OSwiZXhwIjoxNTcyODkwNjg5fQ.3Kk090fSR422Q_TxsbFirTt4evM6h6inrfBnFnJQP1k","postman-token":"1c621dac-7112-95d8-bda5-42f1e1ea6d24","accept":"*/*","accept-encoding":"gzip, deflate, br","accept-language":"en-US,en;q=0.9"} 
- Date : 2019-11-04T17:11:20.331Z  --  level : [32minfo[39m -- message : get All user with success 
- Date : 2019-11-04T17:11:48.767Z  --  level : [32minfo[39m -- message : Application démarré sur localhost:8080 
- Date : 2019-11-04T17:11:54.247Z  --  level : [32minfo[39m -- message : {"host":"localhost:8080","connection":"keep-alive","user-agent":"Mozilla/5.0 (Windows NT 10.0; Win64; x64) AppleWebKit/537.36 (KHTML, like Gecko) Chrome/71.0.3578.98 Safari/537.36","cache-control":"no-cache","authorization":"eyJhbGciOiJIUzI1NiIsInR5cCI6IkpXVCJ9.eyJ1c2VybmFtZSI6InRvdXJlNTAxMyIsImlhdCI6MTU3Mjg4NzA4OSwiZXhwIjoxNTcyODkwNjg5fQ.3Kk090fSR422Q_TxsbFirTt4evM6h6inrfBnFnJQP1k","postman-token":"1fce69a9-c77c-19bf-6315-e39bdb0e95c5","accept":"*/*","accept-encoding":"gzip, deflate, br","accept-language":"en-US,en;q=0.9"} 
- Date : 2019-11-04T17:11:54.254Z  --  level : [32minfo[39m -- message : get All user with success 
- Date : 2019-11-04T17:12:25.479Z  --  level : [32minfo[39m -- message : Application démarré sur localhost:8080 
- Date : 2019-11-04T17:12:34.684Z  --  level : [32minfo[39m -- message : Application démarré sur localhost:8080 
- Date : 2019-11-04T17:12:45.326Z  --  level : [32minfo[39m -- message : {"host":"localhost:8080","connection":"keep-alive","user-agent":"Mozilla/5.0 (Windows NT 10.0; Win64; x64) AppleWebKit/537.36 (KHTML, like Gecko) Chrome/71.0.3578.98 Safari/537.36","cache-control":"no-cache","authorization":"eyJhbGciOiJIUzI1NiIsInR5cCI6IkpXVCJ9.eyJ1c2VybmFtZSI6InRvdXJlNTAxMyIsImlhdCI6MTU3Mjg4NzA4OSwiZXhwIjoxNTcyODkwNjg5fQ.3Kk090fSR422Q_TxsbFirTt4evM6h6inrfBnFnJQP1k","postman-token":"f9be510a-94ee-4f78-34d4-66d3d24c4f1f","accept":"*/*","accept-encoding":"gzip, deflate, br","accept-language":"en-US,en;q=0.9"} 
- Date : 2019-11-04T17:12:45.334Z  --  level : [32minfo[39m -- message : get All user with success 
- Date : 2019-11-04T17:13:15.227Z  --  level : [32minfo[39m -- message : Application démarré sur localhost:8080 
- Date : 2019-11-04T17:13:15.560Z  --  level : [32minfo[39m -- message : {"host":"localhost:8080","connection":"keep-alive","user-agent":"Mozilla/5.0 (Windows NT 10.0; Win64; x64) AppleWebKit/537.36 (KHTML, like Gecko) Chrome/71.0.3578.98 Safari/537.36","cache-control":"no-cache","authorization":"eyJhbGciOiJIUzI1NiIsInR5cCI6IkpXVCJ9.eyJ1c2VybmFtZSI6InRvdXJlNTAxMyIsImlhdCI6MTU3Mjg4NzA4OSwiZXhwIjoxNTcyODkwNjg5fQ.3Kk090fSR422Q_TxsbFirTt4evM6h6inrfBnFnJQP1k","postman-token":"532fdafb-961f-4c5d-0743-eeb9bd2118c1","accept":"*/*","accept-encoding":"gzip, deflate, br","accept-language":"en-US,en;q=0.9"} 
- Date : 2019-11-04T17:13:15.583Z  --  level : [32minfo[39m -- message : get All user with success 
- Date : 2019-11-04T17:14:46.404Z  --  level : [32minfo[39m -- message : Application démarré sur localhost:8080 
- Date : 2019-11-04T17:14:49.015Z  --  level : [32minfo[39m -- message : {"host":"localhost:8080","connection":"keep-alive","user-agent":"Mozilla/5.0 (Windows NT 10.0; Win64; x64) AppleWebKit/537.36 (KHTML, like Gecko) Chrome/71.0.3578.98 Safari/537.36","cache-control":"no-cache","authorization":"eyJhbGciOiJIUzI1NiIsInR5cCI6IkpXVCJ9.eyJ1c2VybmFtZSI6InRvdXJlNTAxMyIsImlhdCI6MTU3Mjg4NzA4OSwiZXhwIjoxNTcyODkwNjg5fQ.3Kk090fSR422Q_TxsbFirTt4evM6h6inrfBnFnJQP1k","postman-token":"fadb7b10-c626-cb7b-eb92-ab354fa8b7e0","accept":"*/*","accept-encoding":"gzip, deflate, br","accept-language":"en-US,en;q=0.9"} 
- Date : 2019-11-04T17:14:49.028Z  --  level : [32minfo[39m -- message : get All user with success 
- Date : 2019-11-04T17:15:28.034Z  --  level : [32minfo[39m -- message : Application démarré sur localhost:8080 
- Date : 2019-11-04T17:15:50.609Z  --  level : [32minfo[39m -- message : Application démarré sur localhost:8080 
- Date : 2019-11-04T17:15:53.710Z  --  level : [32minfo[39m -- message : {"host":"localhost:8080","connection":"keep-alive","user-agent":"Mozilla/5.0 (Windows NT 10.0; Win64; x64) AppleWebKit/537.36 (KHTML, like Gecko) Chrome/71.0.3578.98 Safari/537.36","cache-control":"no-cache","authorization":"eyJhbGciOiJIUzI1NiIsInR5cCI6IkpXVCJ9.eyJ1c2VybmFtZSI6InRvdXJlNTAxMyIsImlhdCI6MTU3Mjg4NzA4OSwiZXhwIjoxNTcyODkwNjg5fQ.3Kk090fSR422Q_TxsbFirTt4evM6h6inrfBnFnJQP1k","postman-token":"6fe59ee9-c9de-a60c-4a5c-45692d6bf4c0","accept":"*/*","accept-encoding":"gzip, deflate, br","accept-language":"en-US,en;q=0.9"} 
- Date : 2019-11-04T17:15:53.716Z  --  level : [32minfo[39m -- message : get All user with success 
- Date : 2019-11-04T17:17:56.510Z  --  level : [32minfo[39m -- message : Application démarré sur localhost:8080 
- Date : 2019-11-04T17:18:19.881Z  --  level : [32minfo[39m -- message : Application démarré sur localhost:8080 
- Date : 2019-11-04T17:18:44.752Z  --  level : [32minfo[39m -- message : Application démarré sur localhost:8080 
- Date : 2019-11-04T17:18:52.913Z  --  level : [32minfo[39m -- message : {"host":"localhost:8080","connection":"keep-alive","user-agent":"Mozilla/5.0 (Windows NT 10.0; Win64; x64) AppleWebKit/537.36 (KHTML, like Gecko) Chrome/71.0.3578.98 Safari/537.36","cache-control":"no-cache","authorization":"eyJhbGciOiJIUzI1NiIsInR5cCI6IkpXVCJ9.eyJ1c2VybmFtZSI6InRvdXJlNTAxMyIsImlhdCI6MTU3Mjg4NzA4OSwiZXhwIjoxNTcyODkwNjg5fQ.3Kk090fSR422Q_TxsbFirTt4evM6h6inrfBnFnJQP1k","postman-token":"c0d68892-1cbf-2b49-ea5b-5b59044ea8fa","accept":"*/*","accept-encoding":"gzip, deflate, br","accept-language":"en-US,en;q=0.9"} 
- Date : 2019-11-04T17:18:52.919Z  --  level : [32minfo[39m -- message : get user 1 
- Date : 2019-11-04T17:19:18.676Z  --  level : [32minfo[39m -- message : Application démarré sur localhost:8080 
- Date : 2019-11-04T17:19:22.628Z  --  level : [32minfo[39m -- message : {"host":"localhost:8080","connection":"keep-alive","user-agent":"Mozilla/5.0 (Windows NT 10.0; Win64; x64) AppleWebKit/537.36 (KHTML, like Gecko) Chrome/71.0.3578.98 Safari/537.36","cache-control":"no-cache","authorization":"eyJhbGciOiJIUzI1NiIsInR5cCI6IkpXVCJ9.eyJ1c2VybmFtZSI6InRvdXJlNTAxMyIsImlhdCI6MTU3Mjg4NzA4OSwiZXhwIjoxNTcyODkwNjg5fQ.3Kk090fSR422Q_TxsbFirTt4evM6h6inrfBnFnJQP1k","postman-token":"3246e5e5-215a-2a3d-3434-80a8b8f68bfe","accept":"*/*","accept-encoding":"gzip, deflate, br","accept-language":"en-US,en;q=0.9"} 
- Date : 2019-11-04T17:19:22.635Z  --  level : [32minfo[39m -- message : get user 1 
- Date : 2019-11-04T17:19:29.119Z  --  level : [32minfo[39m -- message : {"host":"localhost:8080","connection":"keep-alive","user-agent":"Mozilla/5.0 (Windows NT 10.0; Win64; x64) AppleWebKit/537.36 (KHTML, like Gecko) Chrome/71.0.3578.98 Safari/537.36","cache-control":"no-cache","authorization":"eyJhbGciOiJIUzI1NiIsInR5cCI6IkpXVCJ9.eyJ1c2VybmFtZSI6InRvdXJlNTAxMyIsImlhdCI6MTU3Mjg4NzA4OSwiZXhwIjoxNTcyODkwNjg5fQ.3Kk090fSR422Q_TxsbFirTt4evM6h6inrfBnFnJQP1k","postman-token":"84f52524-f456-6305-3c69-93e232e5fd44","accept":"*/*","accept-encoding":"gzip, deflate, br","accept-language":"en-US,en;q=0.9"} 
- Date : 2019-11-04T17:19:29.125Z  --  level : [32minfo[39m -- message : get user 2 
- Date : 2019-11-04T17:21:30.201Z  --  level : [32minfo[39m -- message : Application démarré sur localhost:8080 
- Date : 2019-11-04T17:21:54.472Z  --  level : [32minfo[39m -- message : Application démarré sur localhost:8080 
- Date : 2019-11-04T17:22:17.039Z  --  level : [32minfo[39m -- message : Application démarré sur localhost:8080 
- Date : 2019-11-04T17:22:28.539Z  --  level : [32minfo[39m -- message : Application démarré sur localhost:8080 
- Date : 2019-11-04T17:22:51.968Z  --  level : [32minfo[39m -- message : Application démarré sur localhost:8080 
