- Date : 2019-11-07T17:52:45.760Z  --  level : [32minfo[39m -- message : Application démarré sur localhost:8080 
- Date : 2019-11-07T17:53:07.549Z  --  level : [32minfo[39m -- message : Application démarré sur localhost:8080 
- Date : 2019-11-07T17:53:28.054Z  --  level : [32minfo[39m -- message : Application démarré sur localhost:8080 
- Date : 2019-11-07T17:55:01.157Z  --  level : [32minfo[39m -- message : Application démarré sur localhost:8080 
- Date : 2019-11-07T17:55:14.040Z  --  level : [32minfo[39m -- message : Application démarré sur localhost:8080 
- Date : 2019-11-07T17:55:42.400Z  --  level : [32minfo[39m -- message : Application démarré sur localhost:8080 
- Date : 2019-11-07T17:55:58.462Z  --  level : [32minfo[39m -- message : Application démarré sur localhost:8080 
- Date : 2019-11-07T17:58:50.007Z  --  level : [32minfo[39m -- message : Application démarré sur localhost:8080 
- Date : 2019-11-07T18:00:34.594Z  --  level : [32minfo[39m -- message : Application démarré sur localhost:8080 
- Date : 2019-11-07T18:01:34.871Z  --  level : [32minfo[39m -- message : Application démarré sur localhost:8080 
- Date : 2019-11-07T18:02:09.025Z  --  level : [32minfo[39m -- message : Application démarré sur localhost:8080 
- Date : 2019-11-07T18:02:30.721Z  --  level : [32minfo[39m -- message : Application démarré sur localhost:8080 
- Date : 2019-11-07T18:02:58.335Z  --  level : [32minfo[39m -- message : Application démarré sur localhost:8080 
- Date : 2019-11-07T18:03:32.891Z  --  level : [32minfo[39m -- message : Application démarré sur localhost:8080 
- Date : 2019-11-07T18:03:49.889Z  --  level : [32minfo[39m -- message : Application démarré sur localhost:8080 
- Date : 2019-11-07T18:04:06.982Z  --  level : [32minfo[39m -- message : Application démarré sur localhost:8080 
- Date : 2019-11-07T18:04:16.540Z  --  level : [32minfo[39m -- message : Application démarré sur localhost:8080 
- Date : 2019-11-08T01:52:24.894Z  --  level : [32minfo[39m -- message : Application démarré sur localhost:8080 
- Date : 2019-11-08T01:53:33.806Z  --  level : [32minfo[39m -- message : Application démarré sur localhost:8080 
- Date : 2019-11-08T01:53:46.488Z  --  level : [32minfo[39m -- message : Application démarré sur localhost:8080 
- Date : 2019-11-08T01:53:58.605Z  --  level : [32minfo[39m -- message : Application démarré sur localhost:8080 
- Date : 2019-11-08T01:54:11.422Z  --  level : [32minfo[39m -- message : Application démarré sur localhost:8080 
- Date : 2019-11-08T01:54:43.216Z  --  level : [32minfo[39m -- message : Application démarré sur localhost:8080 
- Date : 2019-11-08T01:55:44.166Z  --  level : [32minfo[39m -- message : Application démarré sur localhost:8080 
- Date : 2019-11-08T01:56:32.822Z  --  level : [32minfo[39m -- message : Application démarré sur localhost:8080 
- Date : 2019-11-08T01:57:14.780Z  --  level : [32minfo[39m -- message : Application démarré sur localhost:8080 
- Date : 2019-11-08T01:59:22.699Z  --  level : [32minfo[39m -- message : Application démarré sur localhost:8080 
- Date : 2019-11-08T02:00:43.594Z  --  level : [32minfo[39m -- message : Application démarré sur localhost:8080 
- Date : 2019-11-08T02:01:56.385Z  --  level : [32minfo[39m -- message : Application démarré sur localhost:8080 
- Date : 2019-11-08T02:02:39.104Z  --  level : [32minfo[39m -- message : Application démarré sur localhost:8080 
- Date : 2019-11-08T02:03:52.856Z  --  level : [32minfo[39m -- message : Application démarré sur localhost:8080 
- Date : 2019-11-08T02:04:03.154Z  --  level : [32minfo[39m -- message : Application démarré sur localhost:8080 
- Date : 2019-11-08T02:05:58.635Z  --  level : [32minfo[39m -- message : Application démarré sur localhost:8080 
- Date : 2019-11-08T02:06:59.809Z  --  level : [32minfo[39m -- message : Application démarré sur localhost:8080 
- Date : 2019-11-08T02:07:13.012Z  --  level : [32minfo[39m -- message : Application démarré sur localhost:8080 
- Date : 2019-11-08T02:07:23.006Z  --  level : [32minfo[39m -- message : Application démarré sur localhost:8080 
- Date : 2019-11-08T02:07:53.351Z  --  level : [32minfo[39m -- message : Application démarré sur localhost:8080 
- Date : 2019-11-08T02:08:07.154Z  --  level : [32minfo[39m -- message : Application démarré sur localhost:8080 
- Date : 2019-11-08T02:08:55.402Z  --  level : [32minfo[39m -- message : Application démarré sur localhost:8080 
- Date : 2019-11-08T02:09:13.714Z  --  level : [32minfo[39m -- message : Application démarré sur localhost:8080 
- Date : 2019-11-08T02:10:37.722Z  --  level : [32minfo[39m -- message : Application démarré sur localhost:8080 
- Date : 2019-11-08T02:11:58.696Z  --  level : [32minfo[39m -- message : Application démarré sur localhost:8080 
- Date : 2019-11-08T02:12:09.869Z  --  level : [32minfo[39m -- message : Application démarré sur localhost:8080 
- Date : 2019-11-08T02:15:48.918Z  --  level : [32minfo[39m -- message : Application démarré sur localhost:8080 
- Date : 2019-11-08T02:16:47.914Z  --  level : [32minfo[39m -- message : Application démarré sur localhost:8080 
- Date : 2019-11-08T02:18:09.623Z  --  level : [32minfo[39m -- message : Application démarré sur localhost:8080 
- Date : 2019-11-08T02:19:00.342Z  --  level : [32minfo[39m -- message : Application démarré sur localhost:8080 
- Date : 2019-11-08T02:19:24.794Z  --  level : [32minfo[39m -- message : Application démarré sur localhost:8080 
- Date : 2019-11-08T02:19:40.206Z  --  level : [32minfo[39m -- message : Application démarré sur localhost:8080 
- Date : 2019-11-08T02:19:50.684Z  --  level : [32minfo[39m -- message : Application démarré sur localhost:8080 
- Date : 2019-11-08T02:21:48.158Z  --  level : [32minfo[39m -- message : Application démarré sur localhost:8080 
- Date : 2019-11-08T02:22:17.207Z  --  level : [32minfo[39m -- message : Application démarré sur localhost:8080 
- Date : 2019-11-08T02:22:59.621Z  --  level : [32minfo[39m -- message : Application démarré sur localhost:8080 
- Date : 2019-11-08T02:23:08.631Z  --  level : [32minfo[39m -- message : Application démarré sur localhost:8080 
- Date : 2019-11-08T02:23:23.072Z  --  level : [32minfo[39m -- message : Application démarré sur localhost:8080 
- Date : 2019-11-08T02:24:06.004Z  --  level : [32minfo[39m -- message : Application démarré sur localhost:8080 
- Date : 2019-11-08T02:24:27.244Z  --  level : [32minfo[39m -- message : Application démarré sur localhost:8080 
- Date : 2019-11-08T02:25:09.970Z  --  level : [32minfo[39m -- message : Application démarré sur localhost:8080 
- Date : 2019-11-08T02:25:26.570Z  --  level : [32minfo[39m -- message : Application démarré sur localhost:8080 
- Date : 2019-11-08T02:26:38.200Z  --  level : [32minfo[39m -- message : Application démarré sur localhost:8080 
- Date : 2019-11-08T02:27:06.033Z  --  level : [32minfo[39m -- message : Application démarré sur localhost:8080 
- Date : 2019-11-08T02:27:14.887Z  --  level : [32minfo[39m -- message : {"authorization":"eyJhbGciOiJIUzI1NiIsInR5cCI6IkpXVCJ9.eyJ1c2VybmFtZSI6InRvdXJlNTAxMyIsImlhdCI6MTU3MzA4MjI3NCwiZXhwIjoxNTczMDg1ODc0fQ.IjuHwHKCG1FotE2PjxG-gAvjx2usePPXCUSwNC-PYmg","content-type":"multipart/form-data; boundary=--------------------------621834388767274564421993","user-agent":"PostmanRuntime/7.19.0","accept":"*/*","cache-control":"no-cache","postman-token":"045be845-3340-4165-b48e-c414a9587af7","host":"localhost:8080","accept-encoding":"gzip, deflate","content-length":"537492","connection":"keep-alive"} 
- Date : 2019-11-08T02:29:15.626Z  --  level : [32minfo[39m -- message : Application démarré sur localhost:8080 
- Date : 2019-11-08T02:31:15.546Z  --  level : [32minfo[39m -- message : Application démarré sur localhost:8080 
- Date : 2019-11-08T02:32:22.347Z  --  level : [32minfo[39m -- message : Application démarré sur localhost:8080 
- Date : 2019-11-08T02:32:58.012Z  --  level : [32minfo[39m -- message : Application démarré sur localhost:8080 
- Date : 2019-11-08T02:34:06.083Z  --  level : [32minfo[39m -- message : Application démarré sur localhost:8080 
- Date : 2019-11-08T02:34:28.724Z  --  level : [32minfo[39m -- message : {"authorization":"eyJhbGciOiJIUzI1NiIsInR5cCI6IkpXVCJ9.eyJ1c2VybmFtZSI6InRvdXJlNTAxMyIsImlhdCI6MTU3MzE4MDQ0NiwiZXhwIjoxNTczMTg0MDQ2fQ.-0ZObpXQ4qf5nSV6D7ejdugeNaKt2h_BjWToSlMKncE","content-type":"multipart/form-data; boundary=--------------------------409110823084649940428666","user-agent":"PostmanRuntime/7.19.0","accept":"*/*","cache-control":"no-cache","postman-token":"641b3045-0e00-4582-8a6d-840c5a4917b2","host":"localhost:8080","accept-encoding":"gzip, deflate","content-length":"537492","connection":"keep-alive"} 
- Date : 2019-11-08T02:34:28.750Z  --  level : [32minfo[39m -- message : get All user with success 
- Date : 2019-11-08T02:37:36.186Z  --  level : [32minfo[39m -- message : Application démarré sur localhost:8080 
- Date : 2019-11-08T02:37:41.834Z  --  level : [32minfo[39m -- message : {"authorization":"eyJhbGciOiJIUzI1NiIsInR5cCI6IkpXVCJ9.eyJ1c2VybmFtZSI6InRvdXJlNTAxMyIsImlhdCI6MTU3MzE4MDQ0NiwiZXhwIjoxNTczMTg0MDQ2fQ.-0ZObpXQ4qf5nSV6D7ejdugeNaKt2h_BjWToSlMKncE","content-type":"multipart/form-data; boundary=--------------------------596501957492049420240739","user-agent":"PostmanRuntime/7.19.0","accept":"*/*","cache-control":"no-cache","postman-token":"1ab54e8e-4794-41ea-b69e-4863e0ffee81","host":"localhost:8080","accept-encoding":"gzip, deflate","content-length":"537492","connection":"keep-alive"} 
- Date : 2019-11-08T02:37:41.889Z  --  level : [32minfo[39m -- message : get All user with success 
- Date : 2019-11-08T02:38:13.964Z  --  level : [32minfo[39m -- message : Application démarré sur localhost:8080 
- Date : 2019-11-08T02:38:28.653Z  --  level : [32minfo[39m -- message : Application démarré sur localhost:8080 
- Date : 2019-11-08T02:39:09.913Z  --  level : [32minfo[39m -- message : Application démarré sur localhost:8080 
- Date : 2019-11-08T02:39:49.239Z  --  level : [32minfo[39m -- message : Application démarré sur localhost:8080 
- Date : 2019-11-08T02:40:31.013Z  --  level : [32minfo[39m -- message : Application démarré sur localhost:8080 
- Date : 2019-11-08T02:41:54.635Z  --  level : [32minfo[39m -- message : Application démarré sur localhost:8080 
- Date : 2019-11-08T02:43:18.936Z  --  level : [32minfo[39m -- message : Application démarré sur localhost:8080 
- Date : 2019-11-08T02:45:10.158Z  --  level : [32minfo[39m -- message : Application démarré sur localhost:8080 
- Date : 2019-11-08T02:46:30.490Z  --  level : [32minfo[39m -- message : Application démarré sur localhost:8080 
- Date : 2019-11-08T02:46:57.521Z  --  level : [32minfo[39m -- message : Application démarré sur localhost:8080 
- Date : 2019-11-08T02:47:20.123Z  --  level : [32minfo[39m -- message : Application démarré sur localhost:8080 
- Date : 2019-11-08T02:48:28.039Z  --  level : [32minfo[39m -- message : Application démarré sur localhost:8080 
- Date : 2019-11-08T02:49:21.650Z  --  level : [32minfo[39m -- message : Application démarré sur localhost:8080 
- Date : 2019-11-08T02:50:11.164Z  --  level : [32minfo[39m -- message : Application démarré sur localhost:8080 
- Date : 2019-11-08T02:50:19.799Z  --  level : [32minfo[39m -- message : Application démarré sur localhost:8080 
- Date : 2019-11-08T02:51:06.107Z  --  level : [32minfo[39m -- message : Application démarré sur localhost:8080 
- Date : 2019-11-08T02:51:15.771Z  --  level : [32minfo[39m -- message : Application démarré sur localhost:8080 
- Date : 2019-11-08T02:52:38.097Z  --  level : [32minfo[39m -- message : Application démarré sur localhost:8080 
- Date : 2019-11-08T02:52:52.442Z  --  level : [32minfo[39m -- message : Application démarré sur localhost:8080 
- Date : 2019-11-08T02:54:20.705Z  --  level : [32minfo[39m -- message : Application démarré sur localhost:8080 
- Date : 2019-11-08T02:54:37.713Z  --  level : [32minfo[39m -- message : Application démarré sur localhost:8080 
- Date : 2019-11-08T02:56:00.020Z  --  level : [32minfo[39m -- message : Application démarré sur localhost:8080 
- Date : 2019-11-08T02:56:23.039Z  --  level : [32minfo[39m -- message : Application démarré sur localhost:8080 
- Date : 2019-11-08T02:56:58.692Z  --  level : [32minfo[39m -- message : Application démarré sur localhost:8080 
- Date : 2019-11-08T02:57:08.553Z  --  level : [32minfo[39m -- message : Application démarré sur localhost:8080 
- Date : 2019-11-08T02:59:08.833Z  --  level : [32minfo[39m -- message : Application démarré sur localhost:8080 
- Date : 2019-11-08T02:59:59.595Z  --  level : [32minfo[39m -- message : Application démarré sur localhost:8080 
- Date : 2019-11-08T03:00:36.424Z  --  level : [32minfo[39m -- message : Application démarré sur localhost:8080 
- Date : 2019-11-08T03:01:04.444Z  --  level : [32minfo[39m -- message : Application démarré sur localhost:8080 
- Date : 2019-11-08T03:01:57.628Z  --  level : [32minfo[39m -- message : Application démarré sur localhost:8080 
- Date : 2019-11-08T03:02:36.409Z  --  level : [32minfo[39m -- message : Application démarré sur localhost:8080 
- Date : 2019-11-08T03:02:59.852Z  --  level : [32minfo[39m -- message : Application démarré sur localhost:8080 
- Date : 2019-11-08T03:05:59.877Z  --  level : [32minfo[39m -- message : Application démarré sur localhost:8080 
- Date : 2019-11-08T03:08:01.887Z  --  level : [32minfo[39m -- message : Application démarré sur localhost:8080 
- Date : 2019-11-08T03:08:26.518Z  --  level : [32minfo[39m -- message : Application démarré sur localhost:8080 
- Date : 2019-11-08T03:08:31.125Z  --  level : [32minfo[39m -- message : Application démarré sur localhost:8080 
- Date : 2019-11-08T03:08:48.368Z  --  level : [32minfo[39m -- message : Application démarré sur localhost:8080 
- Date : 2019-11-08T03:09:16.450Z  --  level : [32minfo[39m -- message : Application démarré sur localhost:8080 
- Date : 2019-11-08T03:12:12.156Z  --  level : [32minfo[39m -- message : Application démarré sur localhost:8080 
- Date : 2019-11-08T03:14:10.214Z  --  level : [32minfo[39m -- message : Application démarré sur localhost:8080 
- Date : 2019-11-08T03:18:17.118Z  --  level : [32minfo[39m -- message : Application démarré sur localhost:8080 
- Date : 2019-11-08T03:20:14.454Z  --  level : [32minfo[39m -- message : Application démarré sur localhost:8080 
- Date : 2019-11-08T03:20:30.151Z  --  level : [32minfo[39m -- message : Application démarré sur localhost:8080 
- Date : 2019-11-08T03:20:53.128Z  --  level : [32minfo[39m -- message : Application démarré sur localhost:8080 
- Date : 2019-11-08T03:22:17.236Z  --  level : [32minfo[39m -- message : Application démarré sur localhost:8080 
- Date : 2019-11-08T03:23:12.638Z  --  level : [32minfo[39m -- message : Application démarré sur localhost:8080 
- Date : 2019-11-08T03:24:28.060Z  --  level : [32minfo[39m -- message : Application démarré sur localhost:8080 
- Date : 2019-11-08T03:26:26.158Z  --  level : [32minfo[39m -- message : Application démarré sur localhost:8080 
- Date : 2019-11-08T03:26:58.252Z  --  level : [32minfo[39m -- message : Application démarré sur localhost:8080 
- Date : 2019-11-08T03:27:26.807Z  --  level : [32minfo[39m -- message : Application démarré sur localhost:8080 
- Date : 2019-11-08T03:29:32.418Z  --  level : [32minfo[39m -- message : Application démarré sur localhost:8080 
- Date : 2019-11-08T03:30:09.568Z  --  level : [32minfo[39m -- message : Application démarré sur localhost:8080 
- Date : 2019-11-08T03:30:21.836Z  --  level : [32minfo[39m -- message : Application démarré sur localhost:8080 
- Date : 2019-11-08T03:31:00.650Z  --  level : [32minfo[39m -- message : Application démarré sur localhost:8080 
- Date : 2019-11-08T03:31:37.596Z  --  level : [32minfo[39m -- message : Application démarré sur localhost:8080 
- Date : 2019-11-08T03:32:54.245Z  --  level : [32minfo[39m -- message : Application démarré sur localhost:8080 
- Date : 2019-11-08T03:32:58.763Z  --  level : [32minfo[39m -- message : Application démarré sur localhost:8080 
- Date : 2019-11-08T03:33:26.392Z  --  level : [32minfo[39m -- message : Application démarré sur localhost:8080 
- Date : 2019-11-08T03:33:42.991Z  --  level : [32minfo[39m -- message : Application démarré sur localhost:8080 
- Date : 2019-11-08T03:33:48.236Z  --  level : [32minfo[39m -- message : Application démarré sur localhost:8080 
- Date : 2019-11-08T03:42:16.127Z  --  level : [32minfo[39m -- message : Application démarré sur localhost:8080 
- Date : 2019-11-08T03:43:54.565Z  --  level : [32minfo[39m -- message : Application démarré sur localhost:8080 
- Date : 2019-11-08T03:44:42.566Z  --  level : [32minfo[39m -- message : Application démarré sur localhost:8080 
- Date : 2019-11-08T03:45:56.311Z  --  level : [32minfo[39m -- message : Application démarré sur localhost:8080 
- Date : 2019-11-08T03:47:14.297Z  --  level : [32minfo[39m -- message : Application démarré sur localhost:8080 
- Date : 2019-11-08T03:47:28.074Z  --  level : [32minfo[39m -- message : Application démarré sur localhost:8080 
- Date : 2019-11-08T03:49:56.139Z  --  level : [32minfo[39m -- message : Application démarré sur localhost:8080 
- Date : 2019-11-08T03:50:12.845Z  --  level : [32minfo[39m -- message : Application démarré sur localhost:8080 
- Date : 2019-11-08T03:52:42.582Z  --  level : [32minfo[39m -- message : Application démarré sur localhost:8080 
- Date : 2019-11-08T03:52:53.409Z  --  level : [32minfo[39m -- message : Application démarré sur localhost:8080 
- Date : 2019-11-08T03:53:34.910Z  --  level : [32minfo[39m -- message : Application démarré sur localhost:8080 
- Date : 2019-11-10T12:06:58.504Z  --  level : [32minfo[39m -- message : Application démarré sur localhost:8080 
- Date : 2019-11-10T17:08:08.192Z  --  level : [32minfo[39m -- message : Application démarré sur localhost:8080 
- Date : 2019-11-10T17:11:45.698Z  --  level : [32minfo[39m -- message : Application démarré sur localhost:8080 
- Date : 2019-11-10T17:13:34.346Z  --  level : [32minfo[39m -- message : {"authorization":"eyJhbGciOiJIUzI1NiIsInR5cCI6IkpXVCJ9.eyJ1c2VybmFtZSI6InRvdXJlNTAxMyIsImlhdCI6MTU3MzQwNTkxMCwiZXhwIjoxNTczNDc3OTEwfQ.lnB8sf_DbVivSD9y2r_96nJI9DCll5xygKdSV9zjLtU","user-agent":"PostmanRuntime/7.19.0","accept":"*/*","cache-control":"no-cache","postman-token":"61ea2701-3fda-4cb0-8173-6f59e0969ce3","host":"localhost:8080","content-type":"multipart/form-data; boundary=--------------------------080704778975796160676188","accept-encoding":"gzip, deflate","content-length":"52404","connection":"keep-alive"} 
- Date : 2019-11-10T17:13:35.000Z  --  level : [32minfo[39m -- message : [false,{"status":200,"picturename":"93ee3557-a4b8-4973-b62f-c587c39b5570.png","error":""}] 
- Date : 2019-11-10T17:14:35.594Z  --  level : [32minfo[39m -- message : {"authorization":"eyJhbGciOiJIUzI1NiIsInR5cCI6IkpXVCJ9.eyJ1c2VybmFtZSI6InRvdXJlNTAxMyIsImlhdCI6MTU3MzA3ODYyNCwiZXhwIjoxNTczMDgyMjI0fQ.xEPbwaiHmPMIjnAO4C-A37BB6avR_si383y203xhwTw","content-type":"multipart/form-data; boundary=--------------------------807602748799689750026201","user-agent":"PostmanRuntime/7.19.0","accept":"*/*","cache-control":"no-cache","postman-token":"3d08d280-9380-4f56-a24c-026b1e2cc77d","host":"localhost:8080","accept-encoding":"gzip, deflate","content-length":"866","connection":"keep-alive"} 
- Date : 2019-11-10T17:14:45.233Z  --  level : [32minfo[39m -- message : {"authorization":"eyJhbGciOiJIUzI1NiIsInR5cCI6IkpXVCJ9.eyJ1c2VybmFtZSI6InRvdXJlNTAxMyIsImlhdCI6MTU3MzQwNTkxMCwiZXhwIjoxNTczNDc3OTEwfQ.lnB8sf_DbVivSD9y2r_96nJI9DCll5xygKdSV9zjLtU","content-type":"multipart/form-data; boundary=--------------------------923167930836386412795329","user-agent":"PostmanRuntime/7.19.0","accept":"*/*","cache-control":"no-cache","postman-token":"cfaa9db5-5a99-4ec1-9904-ed4d1fc9af1e","host":"localhost:8080","accept-encoding":"gzip, deflate","content-length":"866","connection":"keep-alive"} 
- Date : 2019-11-10T17:14:45.249Z  --  level : [32minfo[39m -- message : get All user with success 
- Date : 2019-11-10T17:17:20.528Z  --  level : [32minfo[39m -- message : Application démarré sur localhost:8080 
- Date : 2019-11-10T17:17:53.700Z  --  level : [32minfo[39m -- message : Application démarré sur localhost:8080 
- Date : 2019-11-10T17:19:34.687Z  --  level : [32minfo[39m -- message : Application démarré sur localhost:8080 
- Date : 2019-11-10T17:19:41.662Z  --  level : [32minfo[39m -- message : {"authorization":"eyJhbGciOiJIUzI1NiIsInR5cCI6IkpXVCJ9.eyJ1c2VybmFtZSI6InRvdXJlNTAxMyIsImlhdCI6MTU3MzQwNTkxMCwiZXhwIjoxNTczNDc3OTEwfQ.lnB8sf_DbVivSD9y2r_96nJI9DCll5xygKdSV9zjLtU","user-agent":"PostmanRuntime/7.19.0","accept":"*/*","cache-control":"no-cache","postman-token":"e2271833-2ef2-4327-9ae9-9556d62942e4","host":"localhost:8080","content-type":"multipart/form-data; boundary=--------------------------686884967580930847170078","accept-encoding":"gzip, deflate","content-length":"52422","connection":"keep-alive"} 
- Date : 2019-11-10T17:19:41.934Z  --  level : [32minfo[39m -- message : [false,{"status":200,"picturename":"e199d6f9-4eb1-4c9b-aa06-ede785086247.png","error":""}] 
- Date : 2019-11-10T17:19:42.029Z  --  level : [32minfo[39m -- message : Uer with id : 1Updated success 
- Date : 2019-11-10T17:19:54.936Z  --  level : [32minfo[39m -- message : Application démarré sur localhost:8080 
- Date : 2019-11-10T17:20:22.410Z  --  level : [32minfo[39m -- message : {"authorization":"eyJhbGciOiJIUzI1NiIsInR5cCI6IkpXVCJ9.eyJ1c2VybmFtZSI6InRvdXJlNTAxMyIsImlhdCI6MTU3MzQwNTkxMCwiZXhwIjoxNTczNDc3OTEwfQ.lnB8sf_DbVivSD9y2r_96nJI9DCll5xygKdSV9zjLtU","content-type":"multipart/form-data; boundary=--------------------------522501936943473384529068","user-agent":"PostmanRuntime/7.19.0","accept":"*/*","cache-control":"no-cache","postman-token":"f4bfa011-a3f7-48ea-b635-ab74f9e7be04","host":"localhost:8080","accept-encoding":"gzip, deflate","content-length":"866","connection":"keep-alive"} 
- Date : 2019-11-10T17:20:22.444Z  --  level : [32minfo[39m -- message : get All user with success 
- Date : 2019-11-10T17:24:35.035Z  --  level : [32minfo[39m -- message : {"authorization":"eyJhbGciOiJIUzI1NiIsInR5cCI6IkpXVCJ9.eyJ1c2VybmFtZSI6InRvdXJlNTAxMyIsImlhdCI6MTU3MzQwNTkxMCwiZXhwIjoxNTczNDc3OTEwfQ.lnB8sf_DbVivSD9y2r_96nJI9DCll5xygKdSV9zjLtU","user-agent":"PostmanRuntime/7.19.0","accept":"*/*","cache-control":"no-cache","postman-token":"2438f558-160b-4116-8e89-f386655c5be1","host":"localhost:8080","content-type":"multipart/form-data; boundary=--------------------------338877681570158998843355","accept-encoding":"gzip, deflate","content-length":"143012","connection":"keep-alive"} 
- Date : 2019-11-10T17:24:35.345Z  --  level : [32minfo[39m -- message : [false,{"status":200,"picturename":"24658516-b1e3-45e3-af80-c9577956fdff.png","error":""}] 
- Date : 2019-11-10T17:24:35.467Z  --  level : [32minfo[39m -- message : Uer with id : 1 Updated success 
- Date : 2019-11-10T17:26:53.440Z  --  level : [32minfo[39m -- message : Application démarré sur localhost:8080 
- Date : 2019-11-10T17:27:27.307Z  --  level : [32minfo[39m -- message : Application démarré sur localhost:8080 
- Date : 2019-11-10T17:27:27.908Z  --  level : [32minfo[39m -- message : {"authorization":"eyJhbGciOiJIUzI1NiIsInR5cCI6IkpXVCJ9.eyJ1c2VybmFtZSI6InRvdXJlNTAxMyIsImlhdCI6MTU3MzQwNTkxMCwiZXhwIjoxNTczNDc3OTEwfQ.lnB8sf_DbVivSD9y2r_96nJI9DCll5xygKdSV9zjLtU","user-agent":"PostmanRuntime/7.19.0","accept":"*/*","cache-control":"no-cache","postman-token":"77631599-fe10-4bc0-a5b2-111115988700","host":"localhost:8080","content-type":"multipart/form-data; boundary=--------------------------753997792182856011066566","accept-encoding":"gzip, deflate","content-length":"143012","connection":"keep-alive"} 
- Date : 2019-11-10T17:27:28.116Z  --  level : [32minfo[39m -- message : [false,{"status":200,"picturename":"18e3e6fe-e685-4691-94f3-a27883fd50ee.png","error":""}] 
- Date : 2019-11-10T17:27:28.212Z  --  level : [32minfo[39m -- message : User  id : 1Donner mise à jour avec succès 
- Date : 2019-11-10T17:28:38.126Z  --  level : [32minfo[39m -- message : Application démarré sur localhost:8080 
- Date : 2019-11-10T17:28:44.600Z  --  level : [32minfo[39m -- message : {"authorization":"eyJhbGciOiJIUzI1NiIsInR5cCI6IkpXVCJ9.eyJ1c2VybmFtZSI6InRvdXJlNTAxMyIsImlhdCI6MTU3MzQwNTkxMCwiZXhwIjoxNTczNDc3OTEwfQ.lnB8sf_DbVivSD9y2r_96nJI9DCll5xygKdSV9zjLtU","user-agent":"PostmanRuntime/7.19.0","accept":"*/*","cache-control":"no-cache","postman-token":"251fee81-5874-4fc0-95d1-dec42d112dda","host":"localhost:8080","content-type":"multipart/form-data; boundary=--------------------------823551135919704610673577","accept-encoding":"gzip, deflate","content-length":"143012","connection":"keep-alive"} 
- Date : 2019-11-10T17:28:44.846Z  --  level : [32minfo[39m -- message : [false,{"status":200,"picturename":"b010865d-ecbb-452e-bcee-9ed14e2a3038.png","error":""}] 
- Date : 2019-11-10T17:28:44.958Z  --  level : [32minfo[39m -- message : User  id : 1Donner mise à jour avec succès 
- Date : 2019-11-13T12:16:14.331Z  --  level : [32minfo[39m -- message : Application démarré sur localhost:8080 
- Date : 2019-11-13T12:17:19.343Z  --  level : [32minfo[39m -- message : Application démarré sur localhost:8080 
- Date : 2019-11-13T12:18:24.632Z  --  level : [32minfo[39m -- message : {"authorization":"eyJhbGciOiJIUzI1NiIsInR5cCI6IkpXVCJ9.eyJ1c2VybmFtZSI6InRvdXJlNTAxMyIsImlhdCI6MTU3MzY0NzQ4NywiZXhwIjoxNTczNzE5NDg3fQ.OitouHCBedlN4zZ4f5M5NN9i8s0gU5c84fZbw4sDqSs","content-type":"multipart/form-data; boundary=--------------------------533646096428294461947638","user-agent":"PostmanRuntime/7.19.0","accept":"*/*","cache-control":"no-cache","postman-token":"0d8b7646-b2e1-468d-ac84-701fdd8e3310","host":"localhost:8080","accept-encoding":"gzip, deflate","content-length":"537492","connection":"keep-alive"} 
- Date : 2019-11-13T12:18:24.644Z  --  level : [32minfo[39m -- message : get All user with success 
- Date : 2019-11-13T12:20:02.804Z  --  level : [32minfo[39m -- message : Application démarré sur localhost:8080 
- Date : 2019-11-13T12:21:15.893Z  --  level : [32minfo[39m -- message : Application démarré sur localhost:8080 
- Date : 2019-11-13T12:21:28.334Z  --  level : [32minfo[39m -- message : Application démarré sur localhost:8080 
- Date : 2019-11-13T12:21:44.272Z  --  level : [32minfo[39m -- message : Application démarré sur localhost:8080 
- Date : 2019-11-13T12:22:48.219Z  --  level : [32minfo[39m -- message : Application démarré sur localhost:8080 
- Date : 2019-11-13T12:22:56.951Z  --  level : [32minfo[39m -- message : Application démarré sur localhost:8080 
- Date : 2019-11-13T12:23:08.624Z  --  level : [32minfo[39m -- message : Application démarré sur localhost:8080 
- Date : 2019-11-13T12:23:13.967Z  --  level : [32minfo[39m -- message : Application démarré sur localhost:8080 
- Date : 2019-11-13T12:23:45.542Z  --  level : [32minfo[39m -- message : Application démarré sur localhost:8080 
- Date : 2019-11-13T12:24:03.536Z  --  level : [32minfo[39m -- message : Application démarré sur localhost:8080 
- Date : 2019-11-13T12:24:23.561Z  --  level : [32minfo[39m -- message : Application démarré sur localhost:8080 
- Date : 2019-11-13T12:25:34.972Z  --  level : [32minfo[39m -- message : Application démarré sur localhost:8080 
- Date : 2019-11-13T12:26:10.439Z  --  level : [32minfo[39m -- message : Application démarré sur localhost:8080 
- Date : 2019-11-13T12:26:39.599Z  --  level : [32minfo[39m -- message : Application démarré sur localhost:8080 
- Date : 2019-11-13T12:26:44.053Z  --  level : [32minfo[39m -- message : Application démarré sur localhost:8080 
- Date : 2019-11-13T12:28:02.965Z  --  level : [32minfo[39m -- message : Application démarré sur localhost:8080 
- Date : 2019-11-13T12:28:10.017Z  --  level : [32minfo[39m -- message : Application démarré sur localhost:8080 
- Date : 2019-11-13T12:28:33.133Z  --  level : [32minfo[39m -- message : Application démarré sur localhost:8080 
- Date : 2019-11-13T12:28:45.063Z  --  level : [32minfo[39m -- message : Application démarré sur localhost:8080 
- Date : 2019-11-13T12:29:35.131Z  --  level : [32minfo[39m -- message : Application démarré sur localhost:8080 
- Date : 2019-11-13T12:30:27.198Z  --  level : [32minfo[39m -- message : Application démarré sur localhost:8080 
- Date : 2019-11-13T12:32:03.428Z  --  level : [32minfo[39m -- message : Application démarré sur localhost:8080 
- Date : 2019-11-13T12:32:47.727Z  --  level : [32minfo[39m -- message : Application démarré sur localhost:8080 
- Date : 2019-11-13T12:33:37.935Z  --  level : [32minfo[39m -- message : Application démarré sur localhost:8080 
- Date : 2019-11-13T12:33:49.312Z  --  level : [32minfo[39m -- message : Application démarré sur localhost:8080 
- Date : 2019-11-13T12:36:54.291Z  --  level : [32minfo[39m -- message : Application démarré sur localhost:8080 
- Date : 2019-11-13T12:37:22.791Z  --  level : [32minfo[39m -- message : Application démarré sur localhost:8080 
- Date : 2019-11-13T12:37:26.145Z  --  level : [32minfo[39m -- message : Application démarré sur localhost:8080 
- Date : 2019-11-13T12:37:59.732Z  --  level : [32minfo[39m -- message : Application démarré sur localhost:8080 
- Date : 2019-11-13T12:38:06.294Z  --  level : [32minfo[39m -- message : Application démarré sur localhost:8080 
- Date : 2019-11-13T16:36:31.345Z  --  level : [32minfo[39m -- message : Application démarré sur localhost:8080 
- Date : 2019-11-13T16:37:37.392Z  --  level : [32minfo[39m -- message : Application démarré sur localhost:8080 
- Date : 2019-11-13T16:37:42.376Z  --  level : [32minfo[39m -- message : Application démarré sur localhost:8080 
- Date : 2019-11-13T16:38:29.035Z  --  level : [32minfo[39m -- message : Application démarré sur localhost:8080 
- Date : 2019-11-13T16:38:46.747Z  --  level : [32minfo[39m -- message : Application démarré sur localhost:8080 
- Date : 2019-11-13T16:40:22.228Z  --  level : [32minfo[39m -- message : Application démarré sur localhost:8080 
- Date : 2019-11-13T16:40:33.684Z  --  level : [32minfo[39m -- message : Application démarré sur localhost:8080 
- Date : 2019-11-13T16:41:52.716Z  --  level : [32minfo[39m -- message : Application démarré sur localhost:8080 
- Date : 2019-11-13T16:42:14.093Z  --  level : [32minfo[39m -- message : Application démarré sur localhost:8080 
- Date : 2019-11-13T16:42:52.753Z  --  level : [32minfo[39m -- message : Application démarré sur localhost:8080 
- Date : 2019-11-13T16:44:43.336Z  --  level : [32minfo[39m -- message : Application démarré sur localhost:8080 
- Date : 2019-11-13T16:44:54.864Z  --  level : [32minfo[39m -- message : Application démarré sur localhost:8080 
- Date : 2019-11-13T16:45:28.049Z  --  level : [32minfo[39m -- message : Application démarré sur localhost:8080 
- Date : 2019-11-13T16:45:46.971Z  --  level : [32minfo[39m -- message : Application démarré sur localhost:8080 
- Date : 2019-11-13T16:47:38.184Z  --  level : [32minfo[39m -- message : Application démarré sur localhost:8080 
- Date : 2019-11-13T16:47:52.628Z  --  level : [32minfo[39m -- message : Application démarré sur localhost:8080 
- Date : 2019-11-13T16:48:49.622Z  --  level : [32minfo[39m -- message : {"authorization":"eyJhbGciOiJIUzI1NiIsInR5cCI6IkpXVCJ9.eyJ1c2VybmFtZSI6InRvdXJlNTAxMyIsImlhdCI6MTU3MzY0NzQ4NywiZXhwIjoxNTczNzE5NDg3fQ.OitouHCBedlN4zZ4f5M5NN9i8s0gU5c84fZbw4sDqSs","content-type":"multipart/form-data; boundary=--------------------------494410114277495753483672","user-agent":"PostmanRuntime/7.19.0","accept":"*/*","cache-control":"no-cache","postman-token":"fdbb64be-33d3-4b9e-8b78-499046f1b5c2","host":"localhost:8080","accept-encoding":"gzip, deflate","content-length":"537492","connection":"keep-alive"} 
- Date : 2019-11-13T16:48:49.678Z  --  level : [32minfo[39m -- message : get All user with success 
- Date : 2019-11-13T16:51:41.810Z  --  level : [32minfo[39m -- message : Application démarré sur localhost:8080 
- Date : 2019-11-13T16:51:54.912Z  --  level : [32minfo[39m -- message : Application démarré sur localhost:8080 
- Date : 2019-11-13T16:52:09.705Z  --  level : [32minfo[39m -- message : Application démarré sur localhost:8080 
- Date : 2019-11-13T16:52:14.716Z  --  level : [32minfo[39m -- message : {"authorization":"eyJhbGciOiJIUzI1NiIsInR5cCI6IkpXVCJ9.eyJ1c2VybmFtZSI6InRvdXJlNTAxMyIsImlhdCI6MTU3MzY0NzQ4NywiZXhwIjoxNTczNzE5NDg3fQ.OitouHCBedlN4zZ4f5M5NN9i8s0gU5c84fZbw4sDqSs","content-type":"multipart/form-data; boundary=--------------------------297173227280001972276216","user-agent":"PostmanRuntime/7.19.0","accept":"*/*","cache-control":"no-cache","postman-token":"5c62735f-c688-4301-89d2-b487e935a197","host":"localhost:8080","accept-encoding":"gzip, deflate","content-length":"537492","connection":"keep-alive"} 
- Date : 2019-11-13T16:52:14.746Z  --  level : [32minfo[39m -- message : get All user with success 
- Date : 2019-11-13T16:55:22.110Z  --  level : [32minfo[39m -- message : Application démarré sur localhost:8080 
- Date : 2019-11-13T16:57:08.830Z  --  level : [32minfo[39m -- message : Application démarré sur localhost:8080 
- Date : 2019-11-13T16:59:44.855Z  --  level : [32minfo[39m -- message : Application démarré sur localhost:8080 
- Date : 2019-11-13T17:02:47.440Z  --  level : [32minfo[39m -- message : Application démarré sur localhost:8080 
- Date : 2019-11-13T17:03:15.041Z  --  level : [32minfo[39m -- message : Application démarré sur localhost:8080 
- Date : 2019-11-13T17:03:26.863Z  --  level : [32minfo[39m -- message : Application démarré sur localhost:8080 
- Date : 2019-11-13T17:04:54.233Z  --  level : [32minfo[39m -- message : Application démarré sur localhost:8080 
- Date : 2019-11-13T17:07:37.383Z  --  level : [32minfo[39m -- message : Application démarré sur localhost:8080 
- Date : 2019-11-13T17:08:40.614Z  --  level : [32minfo[39m -- message : Application démarré sur localhost:8080 
- Date : 2019-11-13T17:09:06.974Z  --  level : [32minfo[39m -- message : Application démarré sur localhost:8080 
- Date : 2019-11-13T17:09:20.121Z  --  level : [32minfo[39m -- message : Application démarré sur localhost:8080 
- Date : 2019-11-13T17:09:29.357Z  --  level : [32minfo[39m -- message : Application démarré sur localhost:8080 
- Date : 2019-11-13T17:09:37.063Z  --  level : [32minfo[39m -- message : Application démarré sur localhost:8080 
- Date : 2019-11-13T17:09:44.731Z  --  level : [32minfo[39m -- message : {"authorization":"eyJhbGciOiJIUzI1NiIsInR5cCI6IkpXVCJ9.eyJ1c2VybmFtZSI6InRvdXJlNTAxMyIsImlhdCI6MTU3MzQwNTkxMCwiZXhwIjoxNTczNDc3OTEwfQ.lnB8sf_DbVivSD9y2r_96nJI9DCll5xygKdSV9zjLtU","content-type":"multipart/form-data; boundary=--------------------------860535647571577615652528","user-agent":"PostmanRuntime/7.19.0","accept":"*/*","cache-control":"no-cache","postman-token":"44b761a9-0977-4ec6-9c7b-91f201c41272","host":"localhost:8080","accept-encoding":"gzip, deflate","content-length":"866","connection":"keep-alive"} 
- Date : 2019-11-13T17:11:04.433Z  --  level : [32minfo[39m -- message : {"authorization":"eyJhbGciOiJIUzI1NiIsInR5cCI6IkpXVCJ9.eyJ1c2VybmFtZSI6InRvdXJlNTAxMyIsImlhdCI6MTU3MzY2NTAzOCwiZXhwIjoxNTczNzM3MDM4fQ.WtwhA08BHLM03ue84A2J7_RuE0d8x7Zw6z-bkuYnD3I","content-type":"multipart/form-data; boundary=--------------------------367985751217947029543581","user-agent":"PostmanRuntime/7.19.0","accept":"*/*","cache-control":"no-cache","postman-token":"439bd7fe-4a67-4f09-9a92-5db06cbe18ff","host":"localhost:8080","accept-encoding":"gzip, deflate","content-length":"866","connection":"keep-alive"} 
- Date : 2019-11-13T17:11:04.450Z  --  level : [32minfo[39m -- message : get All user with success 
- Date : 2019-11-13T17:11:13.684Z  --  level : [32minfo[39m -- message : {"authorization":"eyJhbGciOiJIUzI1NiIsInR5cCI6IkpXVCJ9.eyJ1c2VybmFtZSI6InRvdXJlNTAxMyIsImlhdCI6MTU3MzY2NTAzOCwiZXhwIjoxNTczNzM3MDM4fQ.WtwhA08BHLM03ue84A2J7_RuE0d8x7Zw6z-bkuYnD3I","content-type":"multipart/form-data; boundary=--------------------------384052552916855062076299","user-agent":"PostmanRuntime/7.19.0","accept":"*/*","cache-control":"no-cache","postman-token":"0a8181cf-28ca-4881-9a64-a951bce772f8","host":"localhost:8080","accept-encoding":"gzip, deflate","content-length":"866","connection":"keep-alive"} 
- Date : 2019-11-13T17:11:13.693Z  --  level : [32minfo[39m -- message : get All user with success 
- Date : 2019-11-13T17:13:31.348Z  --  level : [32minfo[39m -- message : Application démarré sur localhost:8080 
- Date : 2019-11-13T17:15:08.242Z  --  level : [32minfo[39m -- message : Application démarré sur localhost:8080 
- Date : 2019-11-13T17:15:22.990Z  --  level : [32minfo[39m -- message : Application démarré sur localhost:8080 
- Date : 2019-11-13T17:16:37.386Z  --  level : [32minfo[39m -- message : Application démarré sur localhost:8080 
- Date : 2019-11-13T17:17:17.582Z  --  level : [32minfo[39m -- message : Application démarré sur localhost:8080 
- Date : 2019-11-13T17:17:42.408Z  --  level : [32minfo[39m -- message : {"authorization":"eyJhbGciOiJIUzI1NiIsInR5cCI6IkpXVCJ9.eyJ1c2VybmFtZSI6InRvdXJlNTAxMyIsImlhdCI6MTU3MzY2NTAzOCwiZXhwIjoxNTczNzM3MDM4fQ.WtwhA08BHLM03ue84A2J7_RuE0d8x7Zw6z-bkuYnD3I","content-type":"multipart/form-data; boundary=--------------------------500637387399521216532171","user-agent":"PostmanRuntime/7.19.0","accept":"*/*","cache-control":"no-cache","postman-token":"8637e931-b6aa-493b-b9b1-cbcc7b966227","host":"localhost:8080","accept-encoding":"gzip, deflate","content-length":"866","connection":"keep-alive"} 
- Date : 2019-11-13T17:19:58.133Z  --  level : [32minfo[39m -- message : {"authorization":"eyJhbGciOiJIUzI1NiIsInR5cCI6IkpXVCJ9.eyJ1c2VybmFtZSI6InRvdXJlNTAxMyIsImlhdCI6MTU3MzY2NTAzOCwiZXhwIjoxNTczNzM3MDM4fQ.WtwhA08BHLM03ue84A2J7_RuE0d8x7Zw6z-bkuYnD3I","content-type":"multipart/form-data; boundary=--------------------------246441491613446402694408","user-agent":"PostmanRuntime/7.19.0","accept":"*/*","cache-control":"no-cache","postman-token":"cea1b0b0-503b-4fde-8c62-4d16ce7a9642","host":"localhost:8080","accept-encoding":"gzip, deflate","content-length":"864","connection":"keep-alive"} 
- Date : 2019-11-13T17:19:58.159Z  --  level : [31merror[39m -- message : {"status":400,"error":"Erreur lors de l'enregistrement du fichier"} 
- Date : 2019-11-13T17:20:16.706Z  --  level : [32minfo[39m -- message : {"authorization":"eyJhbGciOiJIUzI1NiIsInR5cCI6IkpXVCJ9.eyJ1c2VybmFtZSI6InRvdXJlNTAxMyIsImlhdCI6MTU3MzY2NTAzOCwiZXhwIjoxNTczNzM3MDM4fQ.WtwhA08BHLM03ue84A2J7_RuE0d8x7Zw6z-bkuYnD3I","content-type":"multipart/form-data; boundary=--------------------------283657778004767011522882","user-agent":"PostmanRuntime/7.19.0","accept":"*/*","cache-control":"no-cache","postman-token":"f5f1d0f2-571c-491d-b72f-a6d8b79e1504","host":"localhost:8080","accept-encoding":"gzip, deflate","content-length":"109226","connection":"keep-alive"} 
- Date : 2019-11-13T17:20:17.230Z  --  level : [32minfo[39m -- message : [false,{"status":200,"picturename":"81a0d551-8164-4be6-bdba-483962addbf1.png","error":""}] 
- Date : 2019-11-13T17:20:17.461Z  --  level : [32minfo[39m -- message : User  id : 1Donner mise à jour avec succès 
- Date : 2019-11-13T17:24:35.041Z  --  level : [32minfo[39m -- message : Application démarré sur localhost:8080 
- Date : 2019-11-13T17:26:00.698Z  --  level : [32minfo[39m -- message : Application démarré sur localhost:8080 
- Date : 2019-11-13T17:26:13.916Z  --  level : [32minfo[39m -- message : Application démarré sur localhost:8080 
- Date : 2019-11-13T17:30:35.692Z  --  level : [32minfo[39m -- message : Application démarré sur localhost:8080 
- Date : 2019-11-13T17:33:52.574Z  --  level : [32minfo[39m -- message : Application démarré sur localhost:8080 
- Date : 2019-11-13T17:34:30.023Z  --  level : [32minfo[39m -- message : Application démarré sur localhost:8080 
- Date : 2019-11-13T17:35:46.044Z  --  level : [32minfo[39m -- message : Application démarré sur localhost:8080 
- Date : 2019-11-13T17:35:53.013Z  --  level : [32minfo[39m -- message : Application démarré sur localhost:8080 
- Date : 2019-11-13T17:36:33.313Z  --  level : [32minfo[39m -- message : Application démarré sur localhost:8080 
- Date : 2019-11-13T17:39:49.871Z  --  level : [32minfo[39m -- message : Application démarré sur localhost:8080 
- Date : 2019-11-13T17:40:37.997Z  --  level : [32minfo[39m -- message : Application démarré sur localhost:8080 
- Date : 2019-11-13T17:41:30.157Z  --  level : [32minfo[39m -- message : Application démarré sur localhost:8080 
- Date : 2019-11-13T17:44:49.334Z  --  level : [32minfo[39m -- message : Application démarré sur localhost:8080 
- Date : 2019-11-13T17:44:55.344Z  --  level : [32minfo[39m -- message : Application démarré sur localhost:8080 
- Date : 2019-11-13T17:44:58.568Z  --  level : [32minfo[39m -- message : {"authorization":"eyJhbGciOiJIUzI1NiIsInR5cCI6IkpXVCJ9.eyJ1c2VybmFtZSI6InRvdXJlNTAxMyIsImlhdCI6MTU3MzY2NTAzOCwiZXhwIjoxNTczNzM3MDM4fQ.WtwhA08BHLM03ue84A2J7_RuE0d8x7Zw6z-bkuYnD3I","content-type":"multipart/form-data; boundary=--------------------------762222931084406936475093","user-agent":"PostmanRuntime/7.19.0","accept":"*/*","cache-control":"no-cache","postman-token":"f73d6077-71b4-4c24-be8d-525d69541a76","host":"localhost:8080","accept-encoding":"gzip, deflate","content-length":"109226","connection":"keep-alive"} 
- Date : 2019-11-13T17:45:09.041Z  --  level : [32minfo[39m -- message : Application démarré sur localhost:8080 
- Date : 2019-11-13T17:45:40.066Z  --  level : [32minfo[39m -- message : Application démarré sur localhost:8080 
- Date : 2019-11-13T17:46:40.711Z  --  level : [32minfo[39m -- message : Application démarré sur localhost:8080 
- Date : 2019-11-13T17:50:04.162Z  --  level : [32minfo[39m -- message : Application démarré sur localhost:8080 
- Date : 2019-11-13T17:51:33.740Z  --  level : [32minfo[39m -- message : Application démarré sur localhost:8080 
- Date : 2019-11-13T17:52:12.536Z  --  level : [32minfo[39m -- message : Application démarré sur localhost:8080 
- Date : 2019-11-13T17:52:14.259Z  --  level : [32minfo[39m -- message : {"authorization":"eyJhbGciOiJIUzI1NiIsInR5cCI6IkpXVCJ9.eyJ1c2VybmFtZSI6InRvdXJlNTAxMyIsImlhdCI6MTU3MzY2NTAzOCwiZXhwIjoxNTczNzM3MDM4fQ.WtwhA08BHLM03ue84A2J7_RuE0d8x7Zw6z-bkuYnD3I","content-type":"multipart/form-data; boundary=--------------------------484104125060835119309430","user-agent":"PostmanRuntime/7.19.0","accept":"*/*","cache-control":"no-cache","postman-token":"c39d0700-18b8-4b98-8109-b305a96ad943","host":"localhost:8080","accept-encoding":"gzip, deflate","content-length":"109226","connection":"keep-alive"} 
- Date : 2019-11-13T17:52:56.139Z  --  level : [32minfo[39m -- message : {"authorization":"eyJhbGciOiJIUzI1NiIsInR5cCI6IkpXVCJ9.eyJ1c2VybmFtZSI6InRvdXJlNTAxMyIsImlhdCI6MTU3MzY2NTAzOCwiZXhwIjoxNTczNzM3MDM4fQ.WtwhA08BHLM03ue84A2J7_RuE0d8x7Zw6z-bkuYnD3I","content-type":"multipart/form-data; boundary=--------------------------840969344924038329673918","user-agent":"PostmanRuntime/7.19.0","accept":"*/*","cache-control":"no-cache","postman-token":"ac893fb8-11e4-41ce-9deb-15419d50ab15","host":"localhost:8080","accept-encoding":"gzip, deflate","content-length":"109226","connection":"keep-alive"} 
- Date : 2019-11-13T17:54:20.578Z  --  level : [32minfo[39m -- message : Application démarré sur localhost:8080 
- Date : 2019-11-13T17:54:35.801Z  --  level : [32minfo[39m -- message : Application démarré sur localhost:8080 
- Date : 2019-11-13T17:56:53.909Z  --  level : [32minfo[39m -- message : Application démarré sur localhost:8080 
- Date : 2019-11-13T17:56:59.907Z  --  level : [32minfo[39m -- message : {"authorization":"eyJhbGciOiJIUzI1NiIsInR5cCI6IkpXVCJ9.eyJ1c2VybmFtZSI6InRvdXJlNTAxMyIsImlhdCI6MTU3MzY2NTAzOCwiZXhwIjoxNTczNzM3MDM4fQ.WtwhA08BHLM03ue84A2J7_RuE0d8x7Zw6z-bkuYnD3I","content-type":"multipart/form-data; boundary=--------------------------611096934409869436639603","user-agent":"PostmanRuntime/7.19.0","accept":"*/*","cache-control":"no-cache","postman-token":"f2f954cb-6a94-4893-aa98-9644c92909f5","host":"localhost:8080","accept-encoding":"gzip, deflate","content-length":"109226","connection":"keep-alive"} 
- Date : 2019-11-13T17:58:14.753Z  --  level : [32minfo[39m -- message : Application démarré sur localhost:8080 
- Date : 2019-11-13T17:58:28.433Z  --  level : [32minfo[39m -- message : Application démarré sur localhost:8080 
- Date : 2019-11-13T21:15:30.493Z  --  level : [32minfo[39m -- message : Application démarré sur localhost:8080 
- Date : 2019-11-13T21:15:59.766Z  --  level : [32minfo[39m -- message : {"authorization":"eyJhbGciOiJIUzI1NiIsInR5cCI6IkpXVCJ9.eyJ1c2VybmFtZSI6InRvdXJlNTAxMyIsImlhdCI6MTU3MzY2NTAzOCwiZXhwIjoxNTczNzM3MDM4fQ.WtwhA08BHLM03ue84A2J7_RuE0d8x7Zw6z-bkuYnD3I","content-type":"multipart/form-data; boundary=--------------------------767641538440795390903617","user-agent":"PostmanRuntime/7.19.0","accept":"*/*","cache-control":"no-cache","postman-token":"989e5d13-45bb-462d-964a-709e7703115c","host":"localhost:8080","accept-encoding":"gzip, deflate","content-length":"109226","connection":"keep-alive"} 
- Date : 2019-11-13T21:18:05.117Z  --  level : [32minfo[39m -- message : Application démarré sur localhost:8080 
- Date : 2019-11-13T21:18:12.430Z  --  level : [32minfo[39m -- message : {"authorization":"eyJhbGciOiJIUzI1NiIsInR5cCI6IkpXVCJ9.eyJ1c2VybmFtZSI6InRvdXJlNTAxMyIsImlhdCI6MTU3MzY2NTAzOCwiZXhwIjoxNTczNzM3MDM4fQ.WtwhA08BHLM03ue84A2J7_RuE0d8x7Zw6z-bkuYnD3I","content-type":"multipart/form-data; boundary=--------------------------490087206935177949632257","user-agent":"PostmanRuntime/7.19.0","accept":"*/*","cache-control":"no-cache","postman-token":"fbef8d17-61b9-4d6f-9ce2-8e510f57e3e3","host":"localhost:8080","accept-encoding":"gzip, deflate","content-length":"109226","connection":"keep-alive"} 
- Date : 2019-11-13T21:19:30.624Z  --  level : [32minfo[39m -- message : Application démarré sur localhost:8080 
- Date : 2019-11-13T21:20:03.722Z  --  level : [32minfo[39m -- message : Application démarré sur localhost:8080 
- Date : 2019-11-13T21:20:15.481Z  --  level : [32minfo[39m -- message : Application démarré sur localhost:8080 
- Date : 2019-11-13T21:20:32.904Z  --  level : [32minfo[39m -- message : Application démarré sur localhost:8080 
- Date : 2019-11-13T21:21:05.830Z  --  level : [32minfo[39m -- message : Application démarré sur localhost:8080 
- Date : 2019-11-13T21:21:09.662Z  --  level : [32minfo[39m -- message : Application démarré sur localhost:8080 
- Date : 2019-11-13T21:21:18.681Z  --  level : [32minfo[39m -- message : Application démarré sur localhost:8080 
- Date : 2019-11-13T21:21:19.659Z  --  level : [32minfo[39m -- message : {"authorization":"eyJhbGciOiJIUzI1NiIsInR5cCI6IkpXVCJ9.eyJ1c2VybmFtZSI6InRvdXJlNTAxMyIsImlhdCI6MTU3MzY2NTAzOCwiZXhwIjoxNTczNzM3MDM4fQ.WtwhA08BHLM03ue84A2J7_RuE0d8x7Zw6z-bkuYnD3I","content-type":"multipart/form-data; boundary=--------------------------851648797747786352770820","user-agent":"PostmanRuntime/7.19.0","accept":"*/*","cache-control":"no-cache","postman-token":"f3188f17-209d-4629-88ab-91ce1fe49395","host":"localhost:8080","accept-encoding":"gzip, deflate","content-length":"109226","connection":"keep-alive"} 
- Date : 2019-11-13T21:22:07.008Z  --  level : [32minfo[39m -- message : Application démarré sur localhost:8080 
- Date : 2019-11-13T21:22:07.369Z  --  level : [32minfo[39m -- message : {"authorization":"eyJhbGciOiJIUzI1NiIsInR5cCI6IkpXVCJ9.eyJ1c2VybmFtZSI6InRvdXJlNTAxMyIsImlhdCI6MTU3MzY2NTAzOCwiZXhwIjoxNTczNzM3MDM4fQ.WtwhA08BHLM03ue84A2J7_RuE0d8x7Zw6z-bkuYnD3I","content-type":"multipart/form-data; boundary=--------------------------862683004706449813227260","user-agent":"PostmanRuntime/7.19.0","accept":"*/*","cache-control":"no-cache","postman-token":"b400f4e5-fce5-41e3-b08f-70c2067d7bf3","host":"localhost:8080","accept-encoding":"gzip, deflate","content-length":"109226","connection":"keep-alive"} 
- Date : 2019-11-13T21:22:19.381Z  --  level : [32minfo[39m -- message : {"authorization":"eyJhbGciOiJIUzI1NiIsInR5cCI6IkpXVCJ9.eyJ1c2VybmFtZSI6InRvdXJlNTAxMyIsImlhdCI6MTU3MzY2NTAzOCwiZXhwIjoxNTczNzM3MDM4fQ.WtwhA08BHLM03ue84A2J7_RuE0d8x7Zw6z-bkuYnD3I","content-type":"multipart/form-data; boundary=--------------------------267764835615230485047582","user-agent":"PostmanRuntime/7.19.0","accept":"*/*","cache-control":"no-cache","postman-token":"b055aea3-28b6-455c-afdf-6f5b5b542699","host":"localhost:8080","accept-encoding":"gzip, deflate","content-length":"109226","connection":"keep-alive"} 
- Date : 2019-11-13T21:24:54.840Z  --  level : [32minfo[39m -- message : Application démarré sur localhost:8080 
- Date : 2019-11-13T21:25:33.001Z  --  level : [32minfo[39m -- message : Application démarré sur localhost:8080 
- Date : 2019-11-13T21:25:40.588Z  --  level : [32minfo[39m -- message : Application démarré sur localhost:8080 
- Date : 2019-11-13T21:25:52.330Z  --  level : [32minfo[39m -- message : Application démarré sur localhost:8080 
- Date : 2019-11-13T21:26:11.055Z  --  level : [32minfo[39m -- message : Application démarré sur localhost:8080 
- Date : 2019-11-13T21:27:56.698Z  --  level : [32minfo[39m -- message : Application démarré sur localhost:8080 
- Date : 2019-11-13T21:27:57.113Z  --  level : [32minfo[39m -- message : {"authorization":"eyJhbGciOiJIUzI1NiIsInR5cCI6IkpXVCJ9.eyJ1c2VybmFtZSI6InRvdXJlNTAxMyIsImlhdCI6MTU3MzY2NTAzOCwiZXhwIjoxNTczNzM3MDM4fQ.WtwhA08BHLM03ue84A2J7_RuE0d8x7Zw6z-bkuYnD3I","content-type":"multipart/form-data; boundary=--------------------------275621108087469016304890","user-agent":"PostmanRuntime/7.19.0","accept":"*/*","cache-control":"no-cache","postman-token":"4edc663a-f7e7-4d58-b1b3-85238c9f881e","host":"localhost:8080","accept-encoding":"gzip, deflate","content-length":"109226","connection":"keep-alive"} 
- Date : 2019-11-13T21:30:18.407Z  --  level : [32minfo[39m -- message : Application démarré sur localhost:8080 
- Date : 2019-11-13T21:30:44.951Z  --  level : [32minfo[39m -- message : Application démarré sur localhost:8080 
- Date : 2019-11-13T21:31:35.150Z  --  level : [32minfo[39m -- message : Application démarré sur localhost:8080 
- Date : 2019-11-13T21:32:00.368Z  --  level : [32minfo[39m -- message : Application démarré sur localhost:8080 
- Date : 2019-11-13T21:32:13.777Z  --  level : [32minfo[39m -- message : Application démarré sur localhost:8080 
- Date : 2019-11-13T21:32:40.766Z  --  level : [32minfo[39m -- message : Application démarré sur localhost:8080 
- Date : 2019-11-13T21:32:44.430Z  --  level : [32minfo[39m -- message : {"authorization":"eyJhbGciOiJIUzI1NiIsInR5cCI6IkpXVCJ9.eyJ1c2VybmFtZSI6InRvdXJlNTAxMyIsImlhdCI6MTU3MzY2NTAzOCwiZXhwIjoxNTczNzM3MDM4fQ.WtwhA08BHLM03ue84A2J7_RuE0d8x7Zw6z-bkuYnD3I","content-type":"multipart/form-data; boundary=--------------------------932933634580817444405763","user-agent":"PostmanRuntime/7.19.0","accept":"*/*","cache-control":"no-cache","postman-token":"2fb4c2ff-0232-4219-8f6a-685fa0e38ce8","host":"localhost:8080","accept-encoding":"gzip, deflate","content-length":"109226","connection":"keep-alive"} 
- Date : 2019-11-13T21:33:03.574Z  --  level : [32minfo[39m -- message : Application démarré sur localhost:8080 
- Date : 2019-11-13T21:33:12.554Z  --  level : [32minfo[39m -- message : Application démarré sur localhost:8080 
- Date : 2019-11-13T21:33:13.053Z  --  level : [32minfo[39m -- message : {"authorization":"eyJhbGciOiJIUzI1NiIsInR5cCI6IkpXVCJ9.eyJ1c2VybmFtZSI6InRvdXJlNTAxMyIsImlhdCI6MTU3MzY2NTAzOCwiZXhwIjoxNTczNzM3MDM4fQ.WtwhA08BHLM03ue84A2J7_RuE0d8x7Zw6z-bkuYnD3I","content-type":"multipart/form-data; boundary=--------------------------472081821411443953111470","user-agent":"PostmanRuntime/7.19.0","accept":"*/*","cache-control":"no-cache","postman-token":"a63af7fd-fc77-4004-9952-39ff3928697f","host":"localhost:8080","accept-encoding":"gzip, deflate","content-length":"109226","connection":"keep-alive"} 
- Date : 2019-11-13T21:34:16.092Z  --  level : [32minfo[39m -- message : Application démarré sur localhost:8080 
- Date : 2019-11-13T21:35:36.386Z  --  level : [32minfo[39m -- message : Application démarré sur localhost:8080 
- Date : 2019-11-13T21:35:59.842Z  --  level : [32minfo[39m -- message : Application démarré sur localhost:8080 
- Date : 2019-11-13T21:37:07.165Z  --  level : [32minfo[39m -- message : Application démarré sur localhost:8080 
- Date : 2019-11-13T21:38:54.749Z  --  level : [32minfo[39m -- message : Application démarré sur localhost:8080 
- Date : 2019-11-13T21:38:55.201Z  --  level : [32minfo[39m -- message : {"authorization":"eyJhbGciOiJIUzI1NiIsInR5cCI6IkpXVCJ9.eyJ1c2VybmFtZSI6InRvdXJlNTAxMyIsImlhdCI6MTU3MzY2NTAzOCwiZXhwIjoxNTczNzM3MDM4fQ.WtwhA08BHLM03ue84A2J7_RuE0d8x7Zw6z-bkuYnD3I","content-type":"multipart/form-data; boundary=--------------------------389369917663279869126294","user-agent":"PostmanRuntime/7.19.0","accept":"*/*","cache-control":"no-cache","postman-token":"40b738be-869f-4386-a11f-ee6e497cfcf3","host":"localhost:8080","accept-encoding":"gzip, deflate","content-length":"109226","connection":"keep-alive"} 
- Date : 2019-11-13T21:40:40.458Z  --  level : [32minfo[39m -- message : Application démarré sur localhost:8080 
- Date : 2019-11-13T21:40:40.979Z  --  level : [32minfo[39m -- message : {"authorization":"eyJhbGciOiJIUzI1NiIsInR5cCI6IkpXVCJ9.eyJ1c2VybmFtZSI6InRvdXJlNTAxMyIsImlhdCI6MTU3MzY2NTAzOCwiZXhwIjoxNTczNzM3MDM4fQ.WtwhA08BHLM03ue84A2J7_RuE0d8x7Zw6z-bkuYnD3I","content-type":"multipart/form-data; boundary=--------------------------749486127764771530275613","user-agent":"PostmanRuntime/7.19.0","accept":"*/*","cache-control":"no-cache","postman-token":"6bf9ff0f-d980-4b84-ba4c-e762910af236","host":"localhost:8080","accept-encoding":"gzip, deflate","content-length":"109226","connection":"keep-alive"} 
- Date : 2019-11-13T21:41:46.564Z  --  level : [32minfo[39m -- message : Application démarré sur localhost:8080 
- Date : 2019-11-13T21:44:40.448Z  --  level : [32minfo[39m -- message : Application démarré sur localhost:8080 
- Date : 2019-11-13T21:45:52.128Z  --  level : [32minfo[39m -- message : Application démarré sur localhost:8080 
- Date : 2019-11-13T21:45:52.514Z  --  level : [32minfo[39m -- message : {"authorization":"eyJhbGciOiJIUzI1NiIsInR5cCI6IkpXVCJ9.eyJ1c2VybmFtZSI6InRvdXJlNTAxMyIsImlhdCI6MTU3MzY2NTAzOCwiZXhwIjoxNTczNzM3MDM4fQ.WtwhA08BHLM03ue84A2J7_RuE0d8x7Zw6z-bkuYnD3I","content-type":"multipart/form-data; boundary=--------------------------471104877016514588985437","user-agent":"PostmanRuntime/7.19.0","accept":"*/*","cache-control":"no-cache","postman-token":"0a74deff-e464-434e-88ba-6f09dfd6e064","host":"localhost:8080","accept-encoding":"gzip, deflate","content-length":"109226","connection":"keep-alive"} 
- Date : 2019-11-13T21:49:58.608Z  --  level : [32minfo[39m -- message : Application démarré sur localhost:8080 
- Date : 2019-11-13T21:50:37.708Z  --  level : [32minfo[39m -- message : Application démarré sur localhost:8080 
- Date : 2019-11-13T21:50:37.937Z  --  level : [32minfo[39m -- message : {"authorization":"eyJhbGciOiJIUzI1NiIsInR5cCI6IkpXVCJ9.eyJ1c2VybmFtZSI6InRvdXJlNTAxMyIsImlhdCI6MTU3MzY2NTAzOCwiZXhwIjoxNTczNzM3MDM4fQ.WtwhA08BHLM03ue84A2J7_RuE0d8x7Zw6z-bkuYnD3I","content-type":"multipart/form-data; boundary=--------------------------741873429092378689651319","user-agent":"PostmanRuntime/7.19.0","accept":"*/*","cache-control":"no-cache","postman-token":"a943c067-fba3-4337-ae21-f8ac01b23692","host":"localhost:8080","accept-encoding":"gzip, deflate","content-length":"109226","connection":"keep-alive"} 
- Date : 2019-11-13T21:50:48.935Z  --  level : [32minfo[39m -- message : Application démarré sur localhost:8080 
- Date : 2019-11-13T21:50:49.894Z  --  level : [32minfo[39m -- message : {"authorization":"eyJhbGciOiJIUzI1NiIsInR5cCI6IkpXVCJ9.eyJ1c2VybmFtZSI6InRvdXJlNTAxMyIsImlhdCI6MTU3MzY2NTAzOCwiZXhwIjoxNTczNzM3MDM4fQ.WtwhA08BHLM03ue84A2J7_RuE0d8x7Zw6z-bkuYnD3I","content-type":"multipart/form-data; boundary=--------------------------231018624954093169842435","user-agent":"PostmanRuntime/7.19.0","accept":"*/*","cache-control":"no-cache","postman-token":"15472e96-f379-4a4b-9d48-e46781c435cf","host":"localhost:8080","accept-encoding":"gzip, deflate","content-length":"109226","connection":"keep-alive"} 
- Date : 2019-11-13T21:51:00.849Z  --  level : [32minfo[39m -- message : Application démarré sur localhost:8080 
- Date : 2019-11-13T21:52:13.159Z  --  level : [32minfo[39m -- message : Application démarré sur localhost:8080 
- Date : 2019-11-13T21:53:47.864Z  --  level : [32minfo[39m -- message : Application démarré sur localhost:8080 
- Date : 2019-11-13T21:53:49.871Z  --  level : [32minfo[39m -- message : {"authorization":"eyJhbGciOiJIUzI1NiIsInR5cCI6IkpXVCJ9.eyJ1c2VybmFtZSI6InRvdXJlNTAxMyIsImlhdCI6MTU3MzY2NTAzOCwiZXhwIjoxNTczNzM3MDM4fQ.WtwhA08BHLM03ue84A2J7_RuE0d8x7Zw6z-bkuYnD3I","content-type":"multipart/form-data; boundary=--------------------------199409300134907997038259","user-agent":"PostmanRuntime/7.19.0","accept":"*/*","cache-control":"no-cache","postman-token":"99062d2f-1d7a-4bff-8ba3-bf3a24defb89","host":"localhost:8080","accept-encoding":"gzip, deflate","content-length":"109226","connection":"keep-alive"} 
- Date : 2019-11-13T21:54:39.105Z  --  level : [32minfo[39m -- message : Application démarré sur localhost:8080 
- Date : 2019-11-13T21:54:46.573Z  --  level : [32minfo[39m -- message : Application démarré sur localhost:8080 
- Date : 2019-11-13T21:54:47.170Z  --  level : [32minfo[39m -- message : {"authorization":"eyJhbGciOiJIUzI1NiIsInR5cCI6IkpXVCJ9.eyJ1c2VybmFtZSI6InRvdXJlNTAxMyIsImlhdCI6MTU3MzY2NTAzOCwiZXhwIjoxNTczNzM3MDM4fQ.WtwhA08BHLM03ue84A2J7_RuE0d8x7Zw6z-bkuYnD3I","content-type":"multipart/form-data; boundary=--------------------------657449679036662467326950","user-agent":"PostmanRuntime/7.19.0","accept":"*/*","cache-control":"no-cache","postman-token":"b5866ee8-20ae-4bc3-af68-76001a169cbb","host":"localhost:8080","accept-encoding":"gzip, deflate","content-length":"109226","connection":"keep-alive"} 
- Date : 2019-11-13T21:55:12.229Z  --  level : [32minfo[39m -- message : {"authorization":"eyJhbGciOiJIUzI1NiIsInR5cCI6IkpXVCJ9.eyJ1c2VybmFtZSI6InRvdXJlNTAxMyIsImlhdCI6MTU3MzY0NzQ4NywiZXhwIjoxNTczNzE5NDg3fQ.OitouHCBedlN4zZ4f5M5NN9i8s0gU5c84fZbw4sDqSs","content-type":"multipart/form-data; boundary=--------------------------700232642060772799528177","user-agent":"PostmanRuntime/7.19.0","accept":"*/*","cache-control":"no-cache","postman-token":"e4339943-902e-4797-8044-72fac21298d5","host":"localhost:8080","accept-encoding":"gzip, deflate","content-length":"537492","connection":"keep-alive"} 
- Date : 2019-11-13T21:55:12.247Z  --  level : [32minfo[39m -- message : get All user with success 
- Date : 2019-11-13T21:55:42.065Z  --  level : [32minfo[39m -- message : Application démarré sur localhost:8080 
- Date : 2019-11-13T21:55:45.908Z  --  level : [32minfo[39m -- message : {"authorization":"eyJhbGciOiJIUzI1NiIsInR5cCI6IkpXVCJ9.eyJ1c2VybmFtZSI6InRvdXJlNTAxMyIsImlhdCI6MTU3MzY2NTAzOCwiZXhwIjoxNTczNzM3MDM4fQ.WtwhA08BHLM03ue84A2J7_RuE0d8x7Zw6z-bkuYnD3I","content-type":"multipart/form-data; boundary=--------------------------569307767667754009375190","user-agent":"PostmanRuntime/7.19.0","accept":"*/*","cache-control":"no-cache","postman-token":"c5b15107-a353-4132-aaec-24aa824669f4","host":"localhost:8080","accept-encoding":"gzip, deflate","content-length":"109226","connection":"keep-alive"} 
- Date : 2019-11-13T21:56:38.381Z  --  level : [32minfo[39m -- message : Application démarré sur localhost:8080 
- Date : 2019-11-13T21:56:38.893Z  --  level : [32minfo[39m -- message : {"authorization":"eyJhbGciOiJIUzI1NiIsInR5cCI6IkpXVCJ9.eyJ1c2VybmFtZSI6InRvdXJlNTAxMyIsImlhdCI6MTU3MzY2NTAzOCwiZXhwIjoxNTczNzM3MDM4fQ.WtwhA08BHLM03ue84A2J7_RuE0d8x7Zw6z-bkuYnD3I","content-type":"multipart/form-data; boundary=--------------------------241321299596108098794753","user-agent":"PostmanRuntime/7.19.0","accept":"*/*","cache-control":"no-cache","postman-token":"bbd488f8-24d3-4d20-aa61-8519e2bc40d0","host":"localhost:8080","accept-encoding":"gzip, deflate","content-length":"109226","connection":"keep-alive"} 
- Date : 2019-11-13T21:57:36.229Z  --  level : [32minfo[39m -- message : Application démarré sur localhost:8080 
- Date : 2019-11-13T21:58:33.349Z  --  level : [32minfo[39m -- message : Application démarré sur localhost:8080 
- Date : 2019-11-13T21:59:26.647Z  --  level : [32minfo[39m -- message : Application démarré sur localhost:8080 
- Date : 2019-11-13T21:59:29.056Z  --  level : [32minfo[39m -- message : {"authorization":"eyJhbGciOiJIUzI1NiIsInR5cCI6IkpXVCJ9.eyJ1c2VybmFtZSI6InRvdXJlNTAxMyIsImlhdCI6MTU3MzY2NTAzOCwiZXhwIjoxNTczNzM3MDM4fQ.WtwhA08BHLM03ue84A2J7_RuE0d8x7Zw6z-bkuYnD3I","content-type":"multipart/form-data; boundary=--------------------------218980573362971223105550","user-agent":"PostmanRuntime/7.19.0","accept":"*/*","cache-control":"no-cache","postman-token":"f94357ff-1050-4923-9af1-92f08600c8f4","host":"localhost:8080","accept-encoding":"gzip, deflate","content-length":"109226","connection":"keep-alive"} 
- Date : 2019-11-13T22:00:34.933Z  --  level : [32minfo[39m -- message : Application démarré sur localhost:8080 
- Date : 2019-11-13T22:00:44.281Z  --  level : [32minfo[39m -- message : {"authorization":"eyJhbGciOiJIUzI1NiIsInR5cCI6IkpXVCJ9.eyJ1c2VybmFtZSI6InRvdXJlNTAxMyIsImlhdCI6MTU3MzY2NTAzOCwiZXhwIjoxNTczNzM3MDM4fQ.WtwhA08BHLM03ue84A2J7_RuE0d8x7Zw6z-bkuYnD3I","content-type":"multipart/form-data; boundary=--------------------------346093433389961709901120","user-agent":"PostmanRuntime/7.19.0","accept":"*/*","cache-control":"no-cache","postman-token":"153cae6e-ff7a-42b4-a8d0-6fbb8535ff91","host":"localhost:8080","accept-encoding":"gzip, deflate","content-length":"109226","connection":"keep-alive"} 
- Date : 2019-11-13T22:01:30.855Z  --  level : [32minfo[39m -- message : Application démarré sur localhost:8080 
- Date : 2019-11-13T22:04:33.730Z  --  level : [32minfo[39m -- message : Application démarré sur localhost:8080 
- Date : 2019-11-13T22:06:18.043Z  --  level : [32minfo[39m -- message : Application démarré sur localhost:8080 
- Date : 2019-11-13T22:06:23.942Z  --  level : [32minfo[39m -- message : Application démarré sur localhost:8080 
- Date : 2019-11-13T22:06:38.392Z  --  level : [32minfo[39m -- message : Application démarré sur localhost:8080 
- Date : 2019-11-13T22:06:56.676Z  --  level : [32minfo[39m -- message : Application démarré sur localhost:8080 
- Date : 2019-11-13T22:06:59.652Z  --  level : [32minfo[39m -- message : Application démarré sur localhost:8080 
- Date : 2019-11-13T22:07:06.357Z  --  level : [32minfo[39m -- message : Application démarré sur localhost:8080 
- Date : 2019-11-13T22:07:09.992Z  --  level : [32minfo[39m -- message : Application démarré sur localhost:8080 
- Date : 2019-11-13T22:07:14.195Z  --  level : [32minfo[39m -- message : Application démarré sur localhost:8080 
- Date : 2019-11-13T22:07:18.631Z  --  level : [32minfo[39m -- message : Application démarré sur localhost:8080 
- Date : 2019-11-13T22:07:21.636Z  --  level : [32minfo[39m -- message : Application démarré sur localhost:8080 
- Date : 2019-11-13T22:07:25.047Z  --  level : [32minfo[39m -- message : Application démarré sur localhost:8080 
- Date : 2019-11-13T22:07:27.943Z  --  level : [32minfo[39m -- message : Application démarré sur localhost:8080 
- Date : 2019-11-13T22:07:30.867Z  --  level : [32minfo[39m -- message : Application démarré sur localhost:8080 
- Date : 2019-11-13T22:07:34.120Z  --  level : [32minfo[39m -- message : Application démarré sur localhost:8080 
- Date : 2019-11-13T22:07:38.955Z  --  level : [32minfo[39m -- message : Application démarré sur localhost:8080 
- Date : 2019-11-13T22:07:44.490Z  --  level : [32minfo[39m -- message : Application démarré sur localhost:8080 
- Date : 2019-11-13T22:07:47.304Z  --  level : [32minfo[39m -- message : Application démarré sur localhost:8080 
- Date : 2019-11-13T22:08:40.547Z  --  level : [32minfo[39m -- message : Application démarré sur localhost:8080 
- Date : 2019-11-13T22:09:02.461Z  --  level : [32minfo[39m -- message : Application démarré sur localhost:8080 
- Date : 2019-11-13T22:09:47.122Z  --  level : [32minfo[39m -- message : Application démarré sur localhost:8080 
- Date : 2019-11-13T22:11:25.453Z  --  level : [32minfo[39m -- message : Application démarré sur localhost:8080 
- Date : 2019-11-13T22:11:30.221Z  --  level : [32minfo[39m -- message : {"authorization":"eyJhbGciOiJIUzI1NiIsInR5cCI6IkpXVCJ9.eyJ1c2VybmFtZSI6InRvdXJlNTAxMyIsImlhdCI6MTU3MzY2NTAzOCwiZXhwIjoxNTczNzM3MDM4fQ.WtwhA08BHLM03ue84A2J7_RuE0d8x7Zw6z-bkuYnD3I","content-type":"multipart/form-data; boundary=--------------------------569248043717298234304123","user-agent":"PostmanRuntime/7.19.0","accept":"*/*","cache-control":"no-cache","postman-token":"f7404aad-6f82-466d-a4a3-06d60b4268d1","host":"localhost:8080","accept-encoding":"gzip, deflate","content-length":"109226","connection":"keep-alive"} 
- Date : 2019-11-13T22:11:59.117Z  --  level : [32minfo[39m -- message : {"authorization":"eyJhbGciOiJIUzI1NiIsInR5cCI6IkpXVCJ9.eyJ1c2VybmFtZSI6InRvdXJlNTAxMyIsImlhdCI6MTU3MzY2NTAzOCwiZXhwIjoxNTczNzM3MDM4fQ.WtwhA08BHLM03ue84A2J7_RuE0d8x7Zw6z-bkuYnD3I","content-type":"multipart/form-data; boundary=--------------------------542497578048554698073619","user-agent":"PostmanRuntime/7.19.0","accept":"*/*","cache-control":"no-cache","postman-token":"e734a298-b98e-43be-aa54-4dd4fbcd01e8","host":"localhost:8080","accept-encoding":"gzip, deflate","content-length":"109226","connection":"keep-alive"} 
- Date : 2019-11-13T22:12:59.041Z  --  level : [32minfo[39m -- message : Application démarré sur localhost:8080 
- Date : 2019-11-13T22:15:33.270Z  --  level : [32minfo[39m -- message : Application démarré sur localhost:8080 
- Date : 2019-11-13T22:15:39.623Z  --  level : [32minfo[39m -- message : Application démarré sur localhost:8080 
- Date : 2019-11-13T22:16:21.100Z  --  level : [32minfo[39m -- message : Application démarré sur localhost:8080 
- Date : 2019-11-13T22:16:30.492Z  --  level : [32minfo[39m -- message : Application démarré sur localhost:8080 
- Date : 2019-11-13T22:16:35.207Z  --  level : [32minfo[39m -- message : Application démarré sur localhost:8080 
- Date : 2019-11-13T22:16:37.386Z  --  level : [32minfo[39m -- message : {"authorization":"eyJhbGciOiJIUzI1NiIsInR5cCI6IkpXVCJ9.eyJ1c2VybmFtZSI6InRvdXJlNTAxMyIsImlhdCI6MTU3MzY2NTAzOCwiZXhwIjoxNTczNzM3MDM4fQ.WtwhA08BHLM03ue84A2J7_RuE0d8x7Zw6z-bkuYnD3I","content-type":"multipart/form-data; boundary=--------------------------656229925897193676587632","user-agent":"PostmanRuntime/7.19.0","accept":"*/*","cache-control":"no-cache","postman-token":"1f3dcf5d-da9f-44ba-a477-cf6b5cd19942","host":"localhost:8080","accept-encoding":"gzip, deflate","content-length":"109226","connection":"keep-alive"} 
- Date : 2019-11-13T22:17:13.798Z  --  level : [32minfo[39m -- message : Application démarré sur localhost:8080 
- Date : 2019-11-13T22:17:13.851Z  --  level : [32minfo[39m -- message : {"authorization":"eyJhbGciOiJIUzI1NiIsInR5cCI6IkpXVCJ9.eyJ1c2VybmFtZSI6InRvdXJlNTAxMyIsImlhdCI6MTU3MzY2NTAzOCwiZXhwIjoxNTczNzM3MDM4fQ.WtwhA08BHLM03ue84A2J7_RuE0d8x7Zw6z-bkuYnD3I","content-type":"multipart/form-data; boundary=--------------------------934503792103353704799372","user-agent":"PostmanRuntime/7.19.0","accept":"*/*","cache-control":"no-cache","postman-token":"aff952d5-053a-4cc5-a19d-8a99c8cdda7d","host":"localhost:8080","accept-encoding":"gzip, deflate","content-length":"109226","connection":"keep-alive"} 
- Date : 2019-11-13T22:17:50.210Z  --  level : [32minfo[39m -- message : Application démarré sur localhost:8080 
- Date : 2019-11-13T22:17:51.528Z  --  level : [32minfo[39m -- message : {"authorization":"eyJhbGciOiJIUzI1NiIsInR5cCI6IkpXVCJ9.eyJ1c2VybmFtZSI6InRvdXJlNTAxMyIsImlhdCI6MTU3MzY2NTAzOCwiZXhwIjoxNTczNzM3MDM4fQ.WtwhA08BHLM03ue84A2J7_RuE0d8x7Zw6z-bkuYnD3I","content-type":"multipart/form-data; boundary=--------------------------966567450547578324339332","user-agent":"PostmanRuntime/7.19.0","accept":"*/*","cache-control":"no-cache","postman-token":"f55b46c7-8320-4591-a17a-806b1a3a9f4f","host":"localhost:8080","accept-encoding":"gzip, deflate","content-length":"109226","connection":"keep-alive"} 
- Date : 2019-11-13T22:19:28.200Z  --  level : [32minfo[39m -- message : Application démarré sur localhost:8080 
- Date : 2019-11-13T22:19:28.300Z  --  level : [32minfo[39m -- message : {"authorization":"eyJhbGciOiJIUzI1NiIsInR5cCI6IkpXVCJ9.eyJ1c2VybmFtZSI6InRvdXJlNTAxMyIsImlhdCI6MTU3MzY2NTAzOCwiZXhwIjoxNTczNzM3MDM4fQ.WtwhA08BHLM03ue84A2J7_RuE0d8x7Zw6z-bkuYnD3I","content-type":"multipart/form-data; boundary=--------------------------658432796415970333654175","user-agent":"PostmanRuntime/7.19.0","accept":"*/*","cache-control":"no-cache","postman-token":"90aa7f86-f552-4430-9f0d-cfa4ba527b9f","host":"localhost:8080","accept-encoding":"gzip, deflate","content-length":"109226","connection":"keep-alive"} 
- Date : 2019-11-13T22:21:31.562Z  --  level : [32minfo[39m -- message : Application démarré sur localhost:8080 
- Date : 2019-11-13T22:21:32.231Z  --  level : [32minfo[39m -- message : {"authorization":"eyJhbGciOiJIUzI1NiIsInR5cCI6IkpXVCJ9.eyJ1c2VybmFtZSI6InRvdXJlNTAxMyIsImlhdCI6MTU3MzY2NTAzOCwiZXhwIjoxNTczNzM3MDM4fQ.WtwhA08BHLM03ue84A2J7_RuE0d8x7Zw6z-bkuYnD3I","content-type":"multipart/form-data; boundary=--------------------------527779510291625168378874","user-agent":"PostmanRuntime/7.19.0","accept":"*/*","cache-control":"no-cache","postman-token":"394dad31-a659-44a3-916e-de2075a27161","host":"localhost:8080","accept-encoding":"gzip, deflate","content-length":"109226","connection":"keep-alive"} 
- Date : 2019-11-13T22:22:33.971Z  --  level : [32minfo[39m -- message : Application démarré sur localhost:8080 
- Date : 2019-11-13T22:22:56.891Z  --  level : [32minfo[39m -- message : Application démarré sur localhost:8080 
- Date : 2019-11-13T22:24:15.135Z  --  level : [32minfo[39m -- message : {"authorization":"eyJhbGciOiJIUzI1NiIsInR5cCI6IkpXVCJ9.eyJ1c2VybmFtZSI6InRvdXJlNTAxMyIsImlhdCI6MTU3MzY0NzQ4NywiZXhwIjoxNTczNzE5NDg3fQ.OitouHCBedlN4zZ4f5M5NN9i8s0gU5c84fZbw4sDqSs","content-type":"multipart/form-data; boundary=--------------------------186238142512575456545300","user-agent":"PostmanRuntime/7.19.0","accept":"*/*","cache-control":"no-cache","postman-token":"1cfc2c03-c804-4f56-8456-82d803f5adb4","host":"localhost:8080","accept-encoding":"gzip, deflate","content-length":"537492","connection":"keep-alive"} 
- Date : 2019-11-13T22:24:15.152Z  --  level : [32minfo[39m -- message : get All user with success 
- Date : 2019-11-13T22:24:39.908Z  --  level : [32minfo[39m -- message : {"authorization":"eyJhbGciOiJIUzI1NiIsInR5cCI6IkpXVCJ9.eyJ1c2VybmFtZSI6InRvdXJlNTAxMyIsImlhdCI6MTU3MzY2NTAzOCwiZXhwIjoxNTczNzM3MDM4fQ.WtwhA08BHLM03ue84A2J7_RuE0d8x7Zw6z-bkuYnD3I","content-type":"multipart/form-data; boundary=--------------------------895629161338981750854327","user-agent":"PostmanRuntime/7.19.0","accept":"*/*","cache-control":"no-cache","postman-token":"ad7fa085-06ac-4f02-99ee-9fc5a570a18a","host":"localhost:8080","accept-encoding":"gzip, deflate","content-length":"109226","connection":"keep-alive"} 
- Date : 2019-11-13T22:25:16.649Z  --  level : [32minfo[39m -- message : {"authorization":"eyJhbGciOiJIUzI1NiIsInR5cCI6IkpXVCJ9.eyJ1c2VybmFtZSI6InRvdXJlNTAxMyIsImlhdCI6MTU3MzY2NTAzOCwiZXhwIjoxNTczNzM3MDM4fQ.WtwhA08BHLM03ue84A2J7_RuE0d8x7Zw6z-bkuYnD3I","content-type":"multipart/form-data; boundary=--------------------------241804608662101636339436","user-agent":"PostmanRuntime/7.19.0","accept":"*/*","cache-control":"no-cache","postman-token":"5413f686-1073-4204-8097-baf0abd1f2f9","host":"localhost:8080","accept-encoding":"gzip, deflate","content-length":"109226","connection":"keep-alive"} 
- Date : 2019-11-13T22:27:16.534Z  --  level : [32minfo[39m -- message : Application démarré sur localhost:8080 
- Date : 2019-11-13T22:28:00.067Z  --  level : [32minfo[39m -- message : Application démarré sur localhost:8080 
- Date : 2019-11-13T22:28:53.741Z  --  level : [32minfo[39m -- message : Application démarré sur localhost:8080 
- Date : 2019-11-13T22:28:56.469Z  --  level : [32minfo[39m -- message : Application démarré sur localhost:8080 
- Date : 2019-11-13T22:29:08.168Z  --  level : [32minfo[39m -- message : Application démarré sur localhost:8080 
- Date : 2019-11-13T22:29:23.160Z  --  level : [32minfo[39m -- message : Application démarré sur localhost:8080 
- Date : 2019-11-13T22:29:33.895Z  --  level : [32minfo[39m -- message : {"authorization":"eyJhbGciOiJIUzI1NiIsInR5cCI6IkpXVCJ9.eyJ1c2VybmFtZSI6InRvdXJlNTAxMyIsImlhdCI6MTU3MzY2NTAzOCwiZXhwIjoxNTczNzM3MDM4fQ.WtwhA08BHLM03ue84A2J7_RuE0d8x7Zw6z-bkuYnD3I","content-type":"multipart/form-data; boundary=--------------------------226172958898929663067017","user-agent":"PostmanRuntime/7.19.0","accept":"*/*","cache-control":"no-cache","postman-token":"c994c241-8810-4b4d-bf6f-a63b6823bc90","host":"localhost:8080","accept-encoding":"gzip, deflate","content-length":"109226","connection":"keep-alive"} 
- Date : 2019-11-13T22:29:34.186Z  --  level : [32minfo[39m -- message : [false,{"status":200,"picturename":"7ddc51db-c4f3-4b6c-97d5-6b9320a66715.png","error":""}] 
- Date : 2019-11-13T22:29:34.275Z  --  level : [32minfo[39m -- message : User  id : 1Donner mise à jour avec succès 
- Date : 2019-11-13T22:30:07.287Z  --  level : [32minfo[39m -- message : {"authorization":"eyJhbGciOiJIUzI1NiIsInR5cCI6IkpXVCJ9.eyJ1c2VybmFtZSI6InRvdXJlNTAxMyIsImlhdCI6MTU3MzY2NTAzOCwiZXhwIjoxNTczNzM3MDM4fQ.WtwhA08BHLM03ue84A2J7_RuE0d8x7Zw6z-bkuYnD3I","content-type":"multipart/form-data; boundary=--------------------------123344147597775260560141","user-agent":"PostmanRuntime/7.19.0","accept":"*/*","cache-control":"no-cache","postman-token":"bb5adcc7-cf82-452c-a191-dfe8ebcbbc56","host":"localhost:8080","accept-encoding":"gzip, deflate","content-length":"109226","connection":"keep-alive"} 
- Date : 2019-11-13T22:30:18.719Z  --  level : [32minfo[39m -- message : {"authorization":"eyJhbGciOiJIUzI1NiIsInR5cCI6IkpXVCJ9.eyJ1c2VybmFtZSI6InRvdXJlNTAxMyIsImlhdCI6MTU3MzY2NTAzOCwiZXhwIjoxNTczNzM3MDM4fQ.WtwhA08BHLM03ue84A2J7_RuE0d8x7Zw6z-bkuYnD3I","content-type":"multipart/form-data; boundary=--------------------------202091090127444164253898","user-agent":"PostmanRuntime/7.19.0","accept":"*/*","cache-control":"no-cache","postman-token":"e7476aea-ab58-45a3-9cc8-9c116ffcd9ab","host":"localhost:8080","accept-encoding":"gzip, deflate","content-length":"109227","connection":"keep-alive"} 
- Date : 2019-11-13T22:30:26.213Z  --  level : [32minfo[39m -- message : {"authorization":"eyJhbGciOiJIUzI1NiIsInR5cCI6IkpXVCJ9.eyJ1c2VybmFtZSI6InRvdXJlNTAxMyIsImlhdCI6MTU3MzY2NTAzOCwiZXhwIjoxNTczNzM3MDM4fQ.WtwhA08BHLM03ue84A2J7_RuE0d8x7Zw6z-bkuYnD3I","content-type":"multipart/form-data; boundary=--------------------------251571334666167065927406","user-agent":"PostmanRuntime/7.19.0","accept":"*/*","cache-control":"no-cache","postman-token":"9bea9e7c-c3dd-42a2-aa67-53cf62edf3b0","host":"localhost:8080","accept-encoding":"gzip, deflate","content-length":"109228","connection":"keep-alive"} 
- Date : 2019-11-13T22:30:26.475Z  --  level : [32minfo[39m -- message : [false,{"status":200,"picturename":"529ea716-ab38-45cc-8a20-7adef99e206d.png","error":""}] 
- Date : 2019-11-13T22:30:26.564Z  --  level : [32minfo[39m -- message : User  id : 1Donner mise à jour avec succès 
- Date : 2019-11-13T22:30:37.130Z  --  level : [32minfo[39m -- message : {"authorization":"eyJhbGciOiJIUzI1NiIsInR5cCI6IkpXVCJ9.eyJ1c2VybmFtZSI6InRvdXJlNTAxMyIsImlhdCI6MTU3MzY2NTAzOCwiZXhwIjoxNTczNzM3MDM4fQ.WtwhA08BHLM03ue84A2J7_RuE0d8x7Zw6z-bkuYnD3I","content-type":"multipart/form-data; boundary=--------------------------739949435685656576976354","user-agent":"PostmanRuntime/7.19.0","accept":"*/*","cache-control":"no-cache","postman-token":"3e73ffbf-1413-47fc-8485-8cbd7a9e3e52","host":"localhost:8080","accept-encoding":"gzip, deflate","content-length":"109236","connection":"keep-alive"} 
- Date : 2019-11-13T22:30:37.337Z  --  level : [32minfo[39m -- message : [false,{"status":200,"picturename":"10a3b732-de88-495d-a9e5-9e96900be397.png","error":""}] 
- Date : 2019-11-13T22:30:37.410Z  --  level : [32minfo[39m -- message : User  id : 1Donner mise à jour avec succès 
- Date : 2019-11-13T22:31:01.499Z  --  level : [32minfo[39m -- message : Application démarré sur localhost:8080 
- Date : 2019-11-13T22:31:23.341Z  --  level : [32minfo[39m -- message : Application démarré sur localhost:8080 
- Date : 2019-11-13T22:31:29.715Z  --  level : [32minfo[39m -- message : Application démarré sur localhost:8080 
- Date : 2019-11-13T22:32:05.416Z  --  level : [32minfo[39m -- message : {"authorization":"eyJhbGciOiJIUzI1NiIsInR5cCI6IkpXVCJ9.eyJ1c2VybmFtZSI6InRvdXJlNTAxMyIsImlhdCI6MTU3MzY0NzQ4NywiZXhwIjoxNTczNzE5NDg3fQ.OitouHCBedlN4zZ4f5M5NN9i8s0gU5c84fZbw4sDqSs","content-type":"multipart/form-data; boundary=--------------------------638734311347456224791129","user-agent":"PostmanRuntime/7.19.0","accept":"*/*","cache-control":"no-cache","postman-token":"db4ac3ed-4475-4ff4-9603-3b685737c7be","host":"localhost:8080","accept-encoding":"gzip, deflate","content-length":"537492","connection":"keep-alive"} 
- Date : 2019-11-13T22:32:05.420Z  --  level : [32minfo[39m -- message : get user 1 
- Date : 2019-11-13T22:33:30.059Z  --  level : [32minfo[39m -- message : Application démarré sur localhost:8080 
- Date : 2019-11-13T22:34:02.203Z  --  level : [32minfo[39m -- message : Application démarré sur localhost:8080 
- Date : 2019-11-13T22:35:09.958Z  --  level : [32minfo[39m -- message : Application démarré sur localhost:8080 
