- Date : 2019-11-07T17:52:45.760Z  --  level : [32minfo[39m -- message : Application démarré sur localhost:8080 
- Date : 2019-11-07T17:53:07.549Z  --  level : [32minfo[39m -- message : Application démarré sur localhost:8080 
- Date : 2019-11-07T17:53:28.054Z  --  level : [32minfo[39m -- message : Application démarré sur localhost:8080 
- Date : 2019-11-07T17:55:01.157Z  --  level : [32minfo[39m -- message : Application démarré sur localhost:8080 
- Date : 2019-11-07T17:55:14.040Z  --  level : [32minfo[39m -- message : Application démarré sur localhost:8080 
- Date : 2019-11-07T17:55:42.400Z  --  level : [32minfo[39m -- message : Application démarré sur localhost:8080 
- Date : 2019-11-07T17:55:58.462Z  --  level : [32minfo[39m -- message : Application démarré sur localhost:8080 
- Date : 2019-11-07T17:58:50.007Z  --  level : [32minfo[39m -- message : Application démarré sur localhost:8080 
- Date : 2019-11-07T18:00:34.594Z  --  level : [32minfo[39m -- message : Application démarré sur localhost:8080 
- Date : 2019-11-07T18:01:34.871Z  --  level : [32minfo[39m -- message : Application démarré sur localhost:8080 
- Date : 2019-11-07T18:02:09.025Z  --  level : [32minfo[39m -- message : Application démarré sur localhost:8080 
- Date : 2019-11-07T18:02:30.721Z  --  level : [32minfo[39m -- message : Application démarré sur localhost:8080 
- Date : 2019-11-07T18:02:58.335Z  --  level : [32minfo[39m -- message : Application démarré sur localhost:8080 
- Date : 2019-11-07T18:03:32.891Z  --  level : [32minfo[39m -- message : Application démarré sur localhost:8080 
- Date : 2019-11-07T18:03:49.889Z  --  level : [32minfo[39m -- message : Application démarré sur localhost:8080 
- Date : 2019-11-07T18:04:06.982Z  --  level : [32minfo[39m -- message : Application démarré sur localhost:8080 
- Date : 2019-11-07T18:04:16.540Z  --  level : [32minfo[39m -- message : Application démarré sur localhost:8080 
- Date : 2019-11-08T01:52:24.894Z  --  level : [32minfo[39m -- message : Application démarré sur localhost:8080 
- Date : 2019-11-08T01:53:33.806Z  --  level : [32minfo[39m -- message : Application démarré sur localhost:8080 
- Date : 2019-11-08T01:53:46.488Z  --  level : [32minfo[39m -- message : Application démarré sur localhost:8080 
- Date : 2019-11-08T01:53:58.605Z  --  level : [32minfo[39m -- message : Application démarré sur localhost:8080 
- Date : 2019-11-08T01:54:11.422Z  --  level : [32minfo[39m -- message : Application démarré sur localhost:8080 
- Date : 2019-11-08T01:54:43.216Z  --  level : [32minfo[39m -- message : Application démarré sur localhost:8080 
- Date : 2019-11-08T01:55:44.166Z  --  level : [32minfo[39m -- message : Application démarré sur localhost:8080 
- Date : 2019-11-08T01:56:32.822Z  --  level : [32minfo[39m -- message : Application démarré sur localhost:8080 
- Date : 2019-11-08T01:57:14.780Z  --  level : [32minfo[39m -- message : Application démarré sur localhost:8080 
- Date : 2019-11-08T01:59:22.699Z  --  level : [32minfo[39m -- message : Application démarré sur localhost:8080 
- Date : 2019-11-08T02:00:43.594Z  --  level : [32minfo[39m -- message : Application démarré sur localhost:8080 
- Date : 2019-11-08T02:01:56.385Z  --  level : [32minfo[39m -- message : Application démarré sur localhost:8080 
- Date : 2019-11-08T02:02:39.104Z  --  level : [32minfo[39m -- message : Application démarré sur localhost:8080 
- Date : 2019-11-08T02:03:52.856Z  --  level : [32minfo[39m -- message : Application démarré sur localhost:8080 
- Date : 2019-11-08T02:04:03.154Z  --  level : [32minfo[39m -- message : Application démarré sur localhost:8080 
- Date : 2019-11-08T02:05:58.635Z  --  level : [32minfo[39m -- message : Application démarré sur localhost:8080 
- Date : 2019-11-08T02:06:59.809Z  --  level : [32minfo[39m -- message : Application démarré sur localhost:8080 
- Date : 2019-11-08T02:07:13.012Z  --  level : [32minfo[39m -- message : Application démarré sur localhost:8080 
- Date : 2019-11-08T02:07:23.006Z  --  level : [32minfo[39m -- message : Application démarré sur localhost:8080 
- Date : 2019-11-08T02:07:53.351Z  --  level : [32minfo[39m -- message : Application démarré sur localhost:8080 
- Date : 2019-11-08T02:08:07.154Z  --  level : [32minfo[39m -- message : Application démarré sur localhost:8080 
- Date : 2019-11-08T02:08:55.402Z  --  level : [32minfo[39m -- message : Application démarré sur localhost:8080 
- Date : 2019-11-08T02:09:13.714Z  --  level : [32minfo[39m -- message : Application démarré sur localhost:8080 
- Date : 2019-11-08T02:10:37.722Z  --  level : [32minfo[39m -- message : Application démarré sur localhost:8080 
- Date : 2019-11-08T02:11:58.696Z  --  level : [32minfo[39m -- message : Application démarré sur localhost:8080 
- Date : 2019-11-08T02:12:09.869Z  --  level : [32minfo[39m -- message : Application démarré sur localhost:8080 
- Date : 2019-11-08T02:15:48.918Z  --  level : [32minfo[39m -- message : Application démarré sur localhost:8080 
- Date : 2019-11-08T02:16:47.914Z  --  level : [32minfo[39m -- message : Application démarré sur localhost:8080 
- Date : 2019-11-08T02:18:09.623Z  --  level : [32minfo[39m -- message : Application démarré sur localhost:8080 
- Date : 2019-11-08T02:19:00.342Z  --  level : [32minfo[39m -- message : Application démarré sur localhost:8080 
- Date : 2019-11-08T02:19:24.794Z  --  level : [32minfo[39m -- message : Application démarré sur localhost:8080 
- Date : 2019-11-08T02:19:40.206Z  --  level : [32minfo[39m -- message : Application démarré sur localhost:8080 
- Date : 2019-11-08T02:19:50.684Z  --  level : [32minfo[39m -- message : Application démarré sur localhost:8080 
- Date : 2019-11-08T02:21:48.158Z  --  level : [32minfo[39m -- message : Application démarré sur localhost:8080 
- Date : 2019-11-08T02:22:17.207Z  --  level : [32minfo[39m -- message : Application démarré sur localhost:8080 
- Date : 2019-11-08T02:22:59.621Z  --  level : [32minfo[39m -- message : Application démarré sur localhost:8080 
- Date : 2019-11-08T02:23:08.631Z  --  level : [32minfo[39m -- message : Application démarré sur localhost:8080 
- Date : 2019-11-08T02:23:23.072Z  --  level : [32minfo[39m -- message : Application démarré sur localhost:8080 
- Date : 2019-11-08T02:24:06.004Z  --  level : [32minfo[39m -- message : Application démarré sur localhost:8080 
- Date : 2019-11-08T02:24:27.244Z  --  level : [32minfo[39m -- message : Application démarré sur localhost:8080 
- Date : 2019-11-08T02:25:09.970Z  --  level : [32minfo[39m -- message : Application démarré sur localhost:8080 
- Date : 2019-11-08T02:25:26.570Z  --  level : [32minfo[39m -- message : Application démarré sur localhost:8080 
- Date : 2019-11-08T02:26:38.200Z  --  level : [32minfo[39m -- message : Application démarré sur localhost:8080 
- Date : 2019-11-08T02:27:06.033Z  --  level : [32minfo[39m -- message : Application démarré sur localhost:8080 
- Date : 2019-11-08T02:27:14.887Z  --  level : [32minfo[39m -- message : {"authorization":"eyJhbGciOiJIUzI1NiIsInR5cCI6IkpXVCJ9.eyJ1c2VybmFtZSI6InRvdXJlNTAxMyIsImlhdCI6MTU3MzA4MjI3NCwiZXhwIjoxNTczMDg1ODc0fQ.IjuHwHKCG1FotE2PjxG-gAvjx2usePPXCUSwNC-PYmg","content-type":"multipart/form-data; boundary=--------------------------621834388767274564421993","user-agent":"PostmanRuntime/7.19.0","accept":"*/*","cache-control":"no-cache","postman-token":"045be845-3340-4165-b48e-c414a9587af7","host":"localhost:8080","accept-encoding":"gzip, deflate","content-length":"537492","connection":"keep-alive"} 
- Date : 2019-11-08T02:29:15.626Z  --  level : [32minfo[39m -- message : Application démarré sur localhost:8080 
- Date : 2019-11-08T02:31:15.546Z  --  level : [32minfo[39m -- message : Application démarré sur localhost:8080 
- Date : 2019-11-08T02:32:22.347Z  --  level : [32minfo[39m -- message : Application démarré sur localhost:8080 
- Date : 2019-11-08T02:32:58.012Z  --  level : [32minfo[39m -- message : Application démarré sur localhost:8080 
- Date : 2019-11-08T02:34:06.083Z  --  level : [32minfo[39m -- message : Application démarré sur localhost:8080 
- Date : 2019-11-08T02:34:28.724Z  --  level : [32minfo[39m -- message : {"authorization":"eyJhbGciOiJIUzI1NiIsInR5cCI6IkpXVCJ9.eyJ1c2VybmFtZSI6InRvdXJlNTAxMyIsImlhdCI6MTU3MzE4MDQ0NiwiZXhwIjoxNTczMTg0MDQ2fQ.-0ZObpXQ4qf5nSV6D7ejdugeNaKt2h_BjWToSlMKncE","content-type":"multipart/form-data; boundary=--------------------------409110823084649940428666","user-agent":"PostmanRuntime/7.19.0","accept":"*/*","cache-control":"no-cache","postman-token":"641b3045-0e00-4582-8a6d-840c5a4917b2","host":"localhost:8080","accept-encoding":"gzip, deflate","content-length":"537492","connection":"keep-alive"} 
- Date : 2019-11-08T02:34:28.750Z  --  level : [32minfo[39m -- message : get All user with success 
- Date : 2019-11-08T02:37:36.186Z  --  level : [32minfo[39m -- message : Application démarré sur localhost:8080 
- Date : 2019-11-08T02:37:41.834Z  --  level : [32minfo[39m -- message : {"authorization":"eyJhbGciOiJIUzI1NiIsInR5cCI6IkpXVCJ9.eyJ1c2VybmFtZSI6InRvdXJlNTAxMyIsImlhdCI6MTU3MzE4MDQ0NiwiZXhwIjoxNTczMTg0MDQ2fQ.-0ZObpXQ4qf5nSV6D7ejdugeNaKt2h_BjWToSlMKncE","content-type":"multipart/form-data; boundary=--------------------------596501957492049420240739","user-agent":"PostmanRuntime/7.19.0","accept":"*/*","cache-control":"no-cache","postman-token":"1ab54e8e-4794-41ea-b69e-4863e0ffee81","host":"localhost:8080","accept-encoding":"gzip, deflate","content-length":"537492","connection":"keep-alive"} 
- Date : 2019-11-08T02:37:41.889Z  --  level : [32minfo[39m -- message : get All user with success 
- Date : 2019-11-08T02:38:13.964Z  --  level : [32minfo[39m -- message : Application démarré sur localhost:8080 
- Date : 2019-11-08T02:38:28.653Z  --  level : [32minfo[39m -- message : Application démarré sur localhost:8080 
- Date : 2019-11-08T02:39:09.913Z  --  level : [32minfo[39m -- message : Application démarré sur localhost:8080 
- Date : 2019-11-08T02:39:49.239Z  --  level : [32minfo[39m -- message : Application démarré sur localhost:8080 
- Date : 2019-11-08T02:40:31.013Z  --  level : [32minfo[39m -- message : Application démarré sur localhost:8080 
- Date : 2019-11-08T02:41:54.635Z  --  level : [32minfo[39m -- message : Application démarré sur localhost:8080 
- Date : 2019-11-08T02:43:18.936Z  --  level : [32minfo[39m -- message : Application démarré sur localhost:8080 
- Date : 2019-11-08T02:45:10.158Z  --  level : [32minfo[39m -- message : Application démarré sur localhost:8080 
- Date : 2019-11-08T02:46:30.490Z  --  level : [32minfo[39m -- message : Application démarré sur localhost:8080 
- Date : 2019-11-08T02:46:57.521Z  --  level : [32minfo[39m -- message : Application démarré sur localhost:8080 
- Date : 2019-11-08T02:47:20.123Z  --  level : [32minfo[39m -- message : Application démarré sur localhost:8080 
- Date : 2019-11-08T02:48:28.039Z  --  level : [32minfo[39m -- message : Application démarré sur localhost:8080 
- Date : 2019-11-08T02:49:21.650Z  --  level : [32minfo[39m -- message : Application démarré sur localhost:8080 
- Date : 2019-11-08T02:50:11.164Z  --  level : [32minfo[39m -- message : Application démarré sur localhost:8080 
- Date : 2019-11-08T02:50:19.799Z  --  level : [32minfo[39m -- message : Application démarré sur localhost:8080 
- Date : 2019-11-08T02:51:06.107Z  --  level : [32minfo[39m -- message : Application démarré sur localhost:8080 
- Date : 2019-11-08T02:51:15.771Z  --  level : [32minfo[39m -- message : Application démarré sur localhost:8080 
- Date : 2019-11-08T02:52:38.097Z  --  level : [32minfo[39m -- message : Application démarré sur localhost:8080 
- Date : 2019-11-08T02:52:52.442Z  --  level : [32minfo[39m -- message : Application démarré sur localhost:8080 
- Date : 2019-11-08T02:54:20.705Z  --  level : [32minfo[39m -- message : Application démarré sur localhost:8080 
- Date : 2019-11-08T02:54:37.713Z  --  level : [32minfo[39m -- message : Application démarré sur localhost:8080 
- Date : 2019-11-08T02:56:00.020Z  --  level : [32minfo[39m -- message : Application démarré sur localhost:8080 
- Date : 2019-11-08T02:56:23.039Z  --  level : [32minfo[39m -- message : Application démarré sur localhost:8080 
- Date : 2019-11-08T02:56:58.692Z  --  level : [32minfo[39m -- message : Application démarré sur localhost:8080 
- Date : 2019-11-08T02:57:08.553Z  --  level : [32minfo[39m -- message : Application démarré sur localhost:8080 
- Date : 2019-11-08T02:59:08.833Z  --  level : [32minfo[39m -- message : Application démarré sur localhost:8080 
- Date : 2019-11-08T02:59:59.595Z  --  level : [32minfo[39m -- message : Application démarré sur localhost:8080 
- Date : 2019-11-08T03:00:36.424Z  --  level : [32minfo[39m -- message : Application démarré sur localhost:8080 
- Date : 2019-11-08T03:01:04.444Z  --  level : [32minfo[39m -- message : Application démarré sur localhost:8080 
- Date : 2019-11-08T03:01:57.628Z  --  level : [32minfo[39m -- message : Application démarré sur localhost:8080 
- Date : 2019-11-08T03:02:36.409Z  --  level : [32minfo[39m -- message : Application démarré sur localhost:8080 
- Date : 2019-11-08T03:02:59.852Z  --  level : [32minfo[39m -- message : Application démarré sur localhost:8080 
- Date : 2019-11-08T03:05:59.877Z  --  level : [32minfo[39m -- message : Application démarré sur localhost:8080 
- Date : 2019-11-08T03:08:01.887Z  --  level : [32minfo[39m -- message : Application démarré sur localhost:8080 
- Date : 2019-11-08T03:08:26.518Z  --  level : [32minfo[39m -- message : Application démarré sur localhost:8080 
- Date : 2019-11-08T03:08:31.125Z  --  level : [32minfo[39m -- message : Application démarré sur localhost:8080 
- Date : 2019-11-08T03:08:48.368Z  --  level : [32minfo[39m -- message : Application démarré sur localhost:8080 
- Date : 2019-11-08T03:09:16.450Z  --  level : [32minfo[39m -- message : Application démarré sur localhost:8080 
- Date : 2019-11-08T03:12:12.156Z  --  level : [32minfo[39m -- message : Application démarré sur localhost:8080 
- Date : 2019-11-08T03:14:10.214Z  --  level : [32minfo[39m -- message : Application démarré sur localhost:8080 
- Date : 2019-11-08T03:18:17.118Z  --  level : [32minfo[39m -- message : Application démarré sur localhost:8080 
- Date : 2019-11-08T03:20:14.454Z  --  level : [32minfo[39m -- message : Application démarré sur localhost:8080 
- Date : 2019-11-08T03:20:30.151Z  --  level : [32minfo[39m -- message : Application démarré sur localhost:8080 
- Date : 2019-11-08T03:20:53.128Z  --  level : [32minfo[39m -- message : Application démarré sur localhost:8080 
- Date : 2019-11-08T03:22:17.236Z  --  level : [32minfo[39m -- message : Application démarré sur localhost:8080 
- Date : 2019-11-08T03:23:12.638Z  --  level : [32minfo[39m -- message : Application démarré sur localhost:8080 
- Date : 2019-11-08T03:24:28.060Z  --  level : [32minfo[39m -- message : Application démarré sur localhost:8080 
- Date : 2019-11-08T03:26:26.158Z  --  level : [32minfo[39m -- message : Application démarré sur localhost:8080 
- Date : 2019-11-08T03:26:58.252Z  --  level : [32minfo[39m -- message : Application démarré sur localhost:8080 
- Date : 2019-11-08T03:27:26.807Z  --  level : [32minfo[39m -- message : Application démarré sur localhost:8080 
- Date : 2019-11-08T03:29:32.418Z  --  level : [32minfo[39m -- message : Application démarré sur localhost:8080 
- Date : 2019-11-08T03:30:09.568Z  --  level : [32minfo[39m -- message : Application démarré sur localhost:8080 
- Date : 2019-11-08T03:30:21.836Z  --  level : [32minfo[39m -- message : Application démarré sur localhost:8080 
- Date : 2019-11-08T03:31:00.650Z  --  level : [32minfo[39m -- message : Application démarré sur localhost:8080 
- Date : 2019-11-08T03:31:37.596Z  --  level : [32minfo[39m -- message : Application démarré sur localhost:8080 
- Date : 2019-11-08T03:32:54.245Z  --  level : [32minfo[39m -- message : Application démarré sur localhost:8080 
- Date : 2019-11-08T03:32:58.763Z  --  level : [32minfo[39m -- message : Application démarré sur localhost:8080 
- Date : 2019-11-08T03:33:26.392Z  --  level : [32minfo[39m -- message : Application démarré sur localhost:8080 
- Date : 2019-11-08T03:33:42.991Z  --  level : [32minfo[39m -- message : Application démarré sur localhost:8080 
- Date : 2019-11-08T03:33:48.236Z  --  level : [32minfo[39m -- message : Application démarré sur localhost:8080 
- Date : 2019-11-08T03:42:16.127Z  --  level : [32minfo[39m -- message : Application démarré sur localhost:8080 
- Date : 2019-11-08T03:43:54.565Z  --  level : [32minfo[39m -- message : Application démarré sur localhost:8080 
- Date : 2019-11-08T03:44:42.566Z  --  level : [32minfo[39m -- message : Application démarré sur localhost:8080 
- Date : 2019-11-08T03:45:56.311Z  --  level : [32minfo[39m -- message : Application démarré sur localhost:8080 
- Date : 2019-11-08T03:47:14.297Z  --  level : [32minfo[39m -- message : Application démarré sur localhost:8080 
- Date : 2019-11-08T03:47:28.074Z  --  level : [32minfo[39m -- message : Application démarré sur localhost:8080 
- Date : 2019-11-08T03:49:56.139Z  --  level : [32minfo[39m -- message : Application démarré sur localhost:8080 
- Date : 2019-11-08T03:50:12.845Z  --  level : [32minfo[39m -- message : Application démarré sur localhost:8080 
- Date : 2019-11-08T03:52:42.582Z  --  level : [32minfo[39m -- message : Application démarré sur localhost:8080 
- Date : 2019-11-08T03:52:53.409Z  --  level : [32minfo[39m -- message : Application démarré sur localhost:8080 
- Date : 2019-11-08T03:53:34.910Z  --  level : [32minfo[39m -- message : Application démarré sur localhost:8080 
- Date : 2019-11-10T12:06:58.504Z  --  level : [32minfo[39m -- message : Application démarré sur localhost:8080 
- Date : 2019-11-10T17:08:08.192Z  --  level : [32minfo[39m -- message : Application démarré sur localhost:8080 
- Date : 2019-11-10T17:11:45.698Z  --  level : [32minfo[39m -- message : Application démarré sur localhost:8080 
- Date : 2019-11-10T17:13:34.346Z  --  level : [32minfo[39m -- message : {"authorization":"eyJhbGciOiJIUzI1NiIsInR5cCI6IkpXVCJ9.eyJ1c2VybmFtZSI6InRvdXJlNTAxMyIsImlhdCI6MTU3MzQwNTkxMCwiZXhwIjoxNTczNDc3OTEwfQ.lnB8sf_DbVivSD9y2r_96nJI9DCll5xygKdSV9zjLtU","user-agent":"PostmanRuntime/7.19.0","accept":"*/*","cache-control":"no-cache","postman-token":"61ea2701-3fda-4cb0-8173-6f59e0969ce3","host":"localhost:8080","content-type":"multipart/form-data; boundary=--------------------------080704778975796160676188","accept-encoding":"gzip, deflate","content-length":"52404","connection":"keep-alive"} 
- Date : 2019-11-10T17:13:35.000Z  --  level : [32minfo[39m -- message : [false,{"status":200,"pictureName":"93ee3557-a4b8-4973-b62f-c587c39b5570.png","error":""}] 
- Date : 2019-11-10T17:14:35.594Z  --  level : [32minfo[39m -- message : {"authorization":"eyJhbGciOiJIUzI1NiIsInR5cCI6IkpXVCJ9.eyJ1c2VybmFtZSI6InRvdXJlNTAxMyIsImlhdCI6MTU3MzA3ODYyNCwiZXhwIjoxNTczMDgyMjI0fQ.xEPbwaiHmPMIjnAO4C-A37BB6avR_si383y203xhwTw","content-type":"multipart/form-data; boundary=--------------------------807602748799689750026201","user-agent":"PostmanRuntime/7.19.0","accept":"*/*","cache-control":"no-cache","postman-token":"3d08d280-9380-4f56-a24c-026b1e2cc77d","host":"localhost:8080","accept-encoding":"gzip, deflate","content-length":"866","connection":"keep-alive"} 
- Date : 2019-11-10T17:14:45.233Z  --  level : [32minfo[39m -- message : {"authorization":"eyJhbGciOiJIUzI1NiIsInR5cCI6IkpXVCJ9.eyJ1c2VybmFtZSI6InRvdXJlNTAxMyIsImlhdCI6MTU3MzQwNTkxMCwiZXhwIjoxNTczNDc3OTEwfQ.lnB8sf_DbVivSD9y2r_96nJI9DCll5xygKdSV9zjLtU","content-type":"multipart/form-data; boundary=--------------------------923167930836386412795329","user-agent":"PostmanRuntime/7.19.0","accept":"*/*","cache-control":"no-cache","postman-token":"cfaa9db5-5a99-4ec1-9904-ed4d1fc9af1e","host":"localhost:8080","accept-encoding":"gzip, deflate","content-length":"866","connection":"keep-alive"} 
- Date : 2019-11-10T17:14:45.249Z  --  level : [32minfo[39m -- message : get All user with success 
- Date : 2019-11-10T17:17:20.528Z  --  level : [32minfo[39m -- message : Application démarré sur localhost:8080 
- Date : 2019-11-10T17:17:53.700Z  --  level : [32minfo[39m -- message : Application démarré sur localhost:8080 
- Date : 2019-11-10T17:19:34.687Z  --  level : [32minfo[39m -- message : Application démarré sur localhost:8080 
- Date : 2019-11-10T17:19:41.662Z  --  level : [32minfo[39m -- message : {"authorization":"eyJhbGciOiJIUzI1NiIsInR5cCI6IkpXVCJ9.eyJ1c2VybmFtZSI6InRvdXJlNTAxMyIsImlhdCI6MTU3MzQwNTkxMCwiZXhwIjoxNTczNDc3OTEwfQ.lnB8sf_DbVivSD9y2r_96nJI9DCll5xygKdSV9zjLtU","user-agent":"PostmanRuntime/7.19.0","accept":"*/*","cache-control":"no-cache","postman-token":"e2271833-2ef2-4327-9ae9-9556d62942e4","host":"localhost:8080","content-type":"multipart/form-data; boundary=--------------------------686884967580930847170078","accept-encoding":"gzip, deflate","content-length":"52422","connection":"keep-alive"} 
- Date : 2019-11-10T17:19:41.934Z  --  level : [32minfo[39m -- message : [false,{"status":200,"pictureName":"e199d6f9-4eb1-4c9b-aa06-ede785086247.png","error":""}] 
- Date : 2019-11-10T17:19:42.029Z  --  level : [32minfo[39m -- message : Uer with id : 1Updated success 
- Date : 2019-11-10T17:19:54.936Z  --  level : [32minfo[39m -- message : Application démarré sur localhost:8080 
- Date : 2019-11-10T17:20:22.410Z  --  level : [32minfo[39m -- message : {"authorization":"eyJhbGciOiJIUzI1NiIsInR5cCI6IkpXVCJ9.eyJ1c2VybmFtZSI6InRvdXJlNTAxMyIsImlhdCI6MTU3MzQwNTkxMCwiZXhwIjoxNTczNDc3OTEwfQ.lnB8sf_DbVivSD9y2r_96nJI9DCll5xygKdSV9zjLtU","content-type":"multipart/form-data; boundary=--------------------------522501936943473384529068","user-agent":"PostmanRuntime/7.19.0","accept":"*/*","cache-control":"no-cache","postman-token":"f4bfa011-a3f7-48ea-b635-ab74f9e7be04","host":"localhost:8080","accept-encoding":"gzip, deflate","content-length":"866","connection":"keep-alive"} 
- Date : 2019-11-10T17:20:22.444Z  --  level : [32minfo[39m -- message : get All user with success 
- Date : 2019-11-10T17:24:35.035Z  --  level : [32minfo[39m -- message : {"authorization":"eyJhbGciOiJIUzI1NiIsInR5cCI6IkpXVCJ9.eyJ1c2VybmFtZSI6InRvdXJlNTAxMyIsImlhdCI6MTU3MzQwNTkxMCwiZXhwIjoxNTczNDc3OTEwfQ.lnB8sf_DbVivSD9y2r_96nJI9DCll5xygKdSV9zjLtU","user-agent":"PostmanRuntime/7.19.0","accept":"*/*","cache-control":"no-cache","postman-token":"2438f558-160b-4116-8e89-f386655c5be1","host":"localhost:8080","content-type":"multipart/form-data; boundary=--------------------------338877681570158998843355","accept-encoding":"gzip, deflate","content-length":"143012","connection":"keep-alive"} 
- Date : 2019-11-10T17:24:35.345Z  --  level : [32minfo[39m -- message : [false,{"status":200,"pictureName":"24658516-b1e3-45e3-af80-c9577956fdff.png","error":""}] 
- Date : 2019-11-10T17:24:35.467Z  --  level : [32minfo[39m -- message : Uer with id : 1 Updated success 
- Date : 2019-11-10T17:26:53.440Z  --  level : [32minfo[39m -- message : Application démarré sur localhost:8080 
- Date : 2019-11-10T17:27:27.307Z  --  level : [32minfo[39m -- message : Application démarré sur localhost:8080 
- Date : 2019-11-10T17:27:27.908Z  --  level : [32minfo[39m -- message : {"authorization":"eyJhbGciOiJIUzI1NiIsInR5cCI6IkpXVCJ9.eyJ1c2VybmFtZSI6InRvdXJlNTAxMyIsImlhdCI6MTU3MzQwNTkxMCwiZXhwIjoxNTczNDc3OTEwfQ.lnB8sf_DbVivSD9y2r_96nJI9DCll5xygKdSV9zjLtU","user-agent":"PostmanRuntime/7.19.0","accept":"*/*","cache-control":"no-cache","postman-token":"77631599-fe10-4bc0-a5b2-111115988700","host":"localhost:8080","content-type":"multipart/form-data; boundary=--------------------------753997792182856011066566","accept-encoding":"gzip, deflate","content-length":"143012","connection":"keep-alive"} 
- Date : 2019-11-10T17:27:28.116Z  --  level : [32minfo[39m -- message : [false,{"status":200,"pictureName":"18e3e6fe-e685-4691-94f3-a27883fd50ee.png","error":""}] 
- Date : 2019-11-10T17:27:28.212Z  --  level : [32minfo[39m -- message : User  id : 1Donner mise à jour avec succès 
- Date : 2019-11-10T17:28:38.126Z  --  level : [32minfo[39m -- message : Application démarré sur localhost:8080 
- Date : 2019-11-10T17:28:44.600Z  --  level : [32minfo[39m -- message : {"authorization":"eyJhbGciOiJIUzI1NiIsInR5cCI6IkpXVCJ9.eyJ1c2VybmFtZSI6InRvdXJlNTAxMyIsImlhdCI6MTU3MzQwNTkxMCwiZXhwIjoxNTczNDc3OTEwfQ.lnB8sf_DbVivSD9y2r_96nJI9DCll5xygKdSV9zjLtU","user-agent":"PostmanRuntime/7.19.0","accept":"*/*","cache-control":"no-cache","postman-token":"251fee81-5874-4fc0-95d1-dec42d112dda","host":"localhost:8080","content-type":"multipart/form-data; boundary=--------------------------823551135919704610673577","accept-encoding":"gzip, deflate","content-length":"143012","connection":"keep-alive"} 
- Date : 2019-11-10T17:28:44.846Z  --  level : [32minfo[39m -- message : [false,{"status":200,"pictureName":"b010865d-ecbb-452e-bcee-9ed14e2a3038.png","error":""}] 
- Date : 2019-11-10T17:28:44.958Z  --  level : [32minfo[39m -- message : User  id : 1Donner mise à jour avec succès 
